#
# A fatal error has been detected by the Java Runtime Environment:
#
#  SIGSEGV (0xb) at pc=0x00000001334852af, pid=14821, tid=9731
#
# JRE version: OpenJDK Runtime Environment (12.0.2+10) (build 12.0.2+10)
# Java VM: OpenJDK 64-Bit Server VM (12.0.2+10, mixed mode, sharing, tiered, compressed oops, g1 gc, bsd-amd64)
# Problematic frame:
# C  [IOHIDLib+0xd2af]  IOHIDLibFactory+0x32e4
#
# No core dump will be written. Core dumps have been disabled. To enable core dumping, try "ulimit -c unlimited" before starting Java again
#
# If you would like to submit a bug report, please visit:
#   http://bugreport.java.com/bugreport/crash.jsp
# The crash happened outside the Java Virtual Machine in native code.
# See problematic frame for where to report the bug.
#

---------------  S U M M A R Y ------------

Command Line: -Dfile.encoding=UTF-8 -Djava.library.path=lib/natives/ --module-path=/Users/manxboy/Documents/GitHub/final-project-manxboy/Paintball/build/classes io.manxboy.paintball.Game

Host: MacBookAir7,2 x86_64 1600 MHz, 4 cores, 8G, Darwin 19.0.0
Time: Wed Jan 29 09:14:02 2020 EST elapsed time: 122 seconds (0d 0h 2m 2s)

---------------  T H R E A D  ---------------

Current thread (0x00007f9581003000):  JavaThread "main" [_thread_in_native, id=9731, stack(0x000070000e330000,0x000070000e430000)]

Stack: [0x000070000e330000,0x000070000e430000],  sp=0x000070000e42f7d0,  free space=1021k
Native frames: (J=compiled Java code, A=aot compiled Java code, j=interpreted, Vv=VM code, C=native code)
C  [IOHIDLib+0xd2af]  IOHIDLibFactory+0x32e4
C  [IOHIDLib+0xe4f1]  IOHIDLibFactory+0x4526
C  [libjinput-osx.jnilib+0x1b33]  Java_net_java_games_input_OSXHIDDevice_nGetElementValue+0x23
J 1248  net.java.games.input.OSXHIDDevice.nGetElementValue(JJLnet/java/games/input/OSXEvent;)V (0 bytes) @ 0x00000001234584a1 [0x00000001234583c0+0x00000000000000e1]
J 1776 c2 io.manxboy.paintball.Input.poll()V (439 bytes) @ 0x00000001234d1f10 [0x00000001234d1c20+0x00000000000002f0]
J 2190 c2 io.manxboy.paintball.Game.render(D)V (12 bytes) @ 0x000000012353908c [0x0000000123539040+0x000000000000004c]
J 1180% c2 io.manxboy.paintball.Game.loop()V (140 bytes) @ 0x000000012344eb90 [0x000000012344ea60+0x0000000000000130]
j  io.manxboy.paintball.Game.main([Ljava/lang/String;)V+54
v  ~StubRoutines::call_stub
V  [libjvm.dylib+0x392795]  _ZN9JavaCalls11call_helperEP9JavaValueRK12methodHandleP17JavaCallArgumentsP6Thread+0x285
V  [libjvm.dylib+0x3d2061]  _ZL17jni_invoke_staticP7JNIEnv_P9JavaValueP8_jobject11JNICallTypeP10_jmethodIDP18JNI_ArgumentPusherP6Thread+0x11c
V  [libjvm.dylib+0x3d578c]  jni_CallStaticVoidMethod+0x1c9
C  [libjli.dylib+0x4898]  JavaMain+0xab4
C  [libsystem_pthread.dylib+0x5d76]  _pthread_start+0x7d
C  [libsystem_pthread.dylib+0x25d7]  thread_start+0xf

Java frames: (J=compiled Java code, j=interpreted, Vv=VM code)
J 1248  net.java.games.input.OSXHIDDevice.nGetElementValue(JJLnet/java/games/input/OSXEvent;)V (0 bytes) @ 0x0000000123458428 [0x00000001234583c0+0x0000000000000068]
J 1776 c2 io.manxboy.paintball.Input.poll()V (439 bytes) @ 0x00000001234d1f10 [0x00000001234d1c20+0x00000000000002f0]
J 2190 c2 io.manxboy.paintball.Game.render(D)V (12 bytes) @ 0x000000012353908c [0x0000000123539040+0x000000000000004c]
J 1180% c2 io.manxboy.paintball.Game.loop()V (140 bytes) @ 0x000000012344eb90 [0x000000012344ea60+0x0000000000000130]
j  io.manxboy.paintball.Game.main([Ljava/lang/String;)V+54
v  ~StubRoutines::call_stub

siginfo: si_signo: 11 (SIGSEGV), si_code: 1 (SEGV_MAPERR), si_addr: 0x000000011add57ac

Register to memory mapping:

RAX=0x00000000000017a4 is an unknown value
RBX=0x000000011add4000 is an unknown value
RCX=0x000000011add57a4 is an unknown value
RDX=0x021d80013348ec4d is an unknown value
RSP=0x000070000e42f7d0 is pointing into the stack for thread: 0x00007f9581003000
RBP=0x000070000e42f820 is pointing into the stack for thread: 0x00007f9581003000
RSI=0x00007f957f6c46a0 points into unknown readable memory: 76 61 6c 75 65 4c 6f 63
RDI=0x00007f957f7ab890 points into unknown readable memory: 4d ec 48 33 01 80 1d 02
R8 =0x0000000000000115 is an unknown value
R9 =0x00000000582b6c0e is an unknown value
R10=0x000000013348ec48: OBJC_CLASS_$_HIDLibElement+0 in /System/Library/Extensions/IOHIDFamily.kext/Contents/PlugIns/IOHIDLib.plugin/Contents/MacOS/IOHIDLib at 0x0000000133478000
R11=0x000000013347b9ca: <offset 0x39ca> in /System/Library/Extensions/IOHIDFamily.kext/Contents/PlugIns/IOHIDLib.plugin/Contents/MacOS/IOHIDLib at 0x0000000133478000
R12=0x00007f957f6c49d0 points into unknown readable memory: dd ed 48 33 01 80 3d 00
R13=0x00007fff6ad2d880: objc_msgSend+0 in /usr/lib/libobjc.A.dylib at 0x00007fff6ad27000
R14=0x00007f957f6c46a0 points into unknown readable memory: 76 61 6c 75 65 4c 6f 63
R15=0x00007f957f7ab890 points into unknown readable memory: 4d ec 48 33 01 80 1d 02


Registers:
RAX=0x00000000000017a4, RBX=0x000000011add4000, RCX=0x000000011add57a4, RDX=0x021d80013348ec4d
RSP=0x000070000e42f7d0, RBP=0x000070000e42f820, RSI=0x00007f957f6c46a0, RDI=0x00007f957f7ab890
R8 =0x0000000000000115, R9 =0x00000000582b6c0e, R10=0x000000013348ec48, R11=0x000000013347b9ca
R12=0x00007f957f6c49d0, R13=0x00007fff6ad2d880, R14=0x00007f957f6c46a0, R15=0x00007f957f7ab890
RIP=0x00000001334852af, EFLAGS=0x0000000000010206, ERR=0x0000000000000004
  TRAPNO=0x000000000000000e

Top of Stack: (sp=0x000070000e42f7d0)
0x000070000e42f7d0:   000070000e42f858 aaaaaaaaaaaaaaaa
0x000070000e42f7e0:   000070000e42f860 000000011add57a4
0x000070000e42f7f0:   00007f9582b6c050 00007f957f6c49d0
0x000070000e42f800:   0000000000000000 0000000780711d18
0x000070000e42f810:   0000000000000000 000070000e42f8a0
0x000070000e42f820:   000070000e42f890 00000001334864f1
0x000070000e42f830:   0000000000000000 0000000000000000
0x000070000e42f840:   00007f957f6c49d0 000000013348edd8
0x000070000e42f850:   00007f957f6c49d0 000000013348edd8
0x000070000e42f860:   aaaaaaaaaaaaaaaa 00007f9581003330
0x000070000e42f870:   0000000000000000 0000000780711d18
0x000070000e42f880:   000070000e42f8f0 00007f9581003000
0x000070000e42f890:   000070000e42f8d0 000000011add0b33
0x000070000e42f8a0:   0000000780713740 00000007804de040
0x000070000e42f8b0:   0000000000000000 0000000787be8fb4
0x000070000e42f8c0:   000070000e42f9c0 000070000e42f910
0x000070000e42f8d0:   000070000e42f920 00000001234584a1
0x000070000e42f8e0:   00000007804c1058 00000001234ab120
0x000070000e42f8f0:   00000007865fd280 0000000000000007
0x000070000e42f900:   00000007804c1058 00000008011634e0
0x000070000e42f910:   0000000780706f08 0000000780418930
0x000070000e42f920:   0000000000000000 00000001234d1f10
0x000070000e42f930:   00000008011eb7e0 0000000000000007
0x000070000e42f940:   3ff0000000000000 bff0000000000000
0x000070000e42f950:   000000040000000b 0000000787be9008
0x000070000e42f960:   00000008003733a8 f009c48700000000
0x000070000e42f970:   00000007804c1940 00000007804e2410
0x000070000e42f980:   000000b4f0098384 0000000000000017
0x000070000e42f990:   00000007804c1c20 00000007804e2438
0x000070000e42f9a0:   3fe921fb54442d18 000000080116e2d8
0x000070000e42f9b0:   3fe0000000000000 f0f7d1edf0098328
0x000070000e42f9c0:   000000022a67b419 0000000000000000 

Instructions: (pc=0x00000001334852af)
0x00000001334851af:   5e 00 00 85 c0 0f 85 c8 02 00 00 48 8b 35 67 95
0x00000001334851bf:   00 00 4c 89 e7 ff 15 8e 5e 00 00 84 c0 0f 84 b8
0x00000001334851cf:   02 00 00 48 8b 3d df 95 00 00 e8 7e 26 00 00 48
0x00000001334851df:   8b 35 83 91 00 00 48 89 c7 48 89 da ff 15 67 5e
0x00000001334851ef:   00 00 49 89 c6 48 85 c0 0f 84 bc 02 00 00 48 8b
0x00000001334851ff:   1d 24 98 00 00 49 8b 3c 1c 48 8b 35 91 91 00 00
0x000000013348520f:   4c 89 f2 ff 15 40 5e 00 00 48 b9 ff ff ff ff ff
0x000000013348521f:   ff ff 7f 48 39 c8 0f 84 99 02 00 00 49 8b 3c 1c
0x000000013348522f:   48 8b 35 7a 91 00 00 48 8b 1d 1b 5e 00 00 48 89
0x000000013348523f:   c2 ff d3 48 89 c7 e8 72 26 00 00 49 89 c7 48 8b
0x000000013348524f:   35 24 91 00 00 48 89 c7 ff d3 3d 01 02 00 00 0f
0x000000013348525f:   84 32 02 00 00 4c 89 75 d0 4c 8b 35 c1 94 00 00
0x000000013348526f:   4c 89 ff 4c 89 f6 ff 15 dd 5d 00 00 89 c0 48 8b
0x000000013348527f:   0d fc 97 00 00 49 39 04 0c 0f 86 3b 02 00 00 48
0x000000013348528f:   8b 05 e3 97 00 00 49 89 dd 49 8b 1c 04 4c 89 ff
0x000000013348529f:   4c 89 f6 41 ff d5 89 c0 48 8d 0c 03 48 89 4d c8
0x00000001334852af:   48 8b 5c 03 08 4c 8b 35 05 91 00 00 4c 89 ff 4c
0x00000001334852bf:   89 f6 41 ff d5 48 85 c0 74 2c 48 8b 35 58 91 00
0x00000001334852cf:   00 4c 89 ff ff 15 7f 5d 00 00 48 39 d8 72 17 4c
0x00000001334852df:   89 ff 48 8b 35 90 90 00 00 ff 15 6a 5d 00 00 3d
0x00000001334852ef:   01 01 00 00 75 4c 48 8b 05 3c 5d 00 00 48 8b 18
0x00000001334852ff:   48 8b 35 d2 90 00 00 4c 89 ff ff 15 49 5d 00 00
0x000000013348530f:   48 89 df 48 89 c6 48 8b 55 c8 e8 cc 24 00 00 48
0x000000013348531f:   85 c0 74 1e 48 89 c3 48 8b 35 6b 90 00 00 4c 89
0x000000013348532f:   ff 48 89 c2 ff 15 1f 5d 00 00 48 89 df e8 59 23
0x000000013348533f:   00 00 4c 89 ff 4c 89 f6 ff 15 0b 5d 00 00 48 8b
0x000000013348534f:   4d c0 48 89 01 45 31 ed 8b 45 18 0f ba e0 12 0f
0x000000013348535f:   82 10 01 00 00 0f ba e0 11 72 1b 4c 89 ff 48 8b
0x000000013348536f:   35 04 90 00 00 ff 15 de 5c 00 00 3d 01 01 00 00
0x000000013348537f:   0f 85 ef 00 00 00 48 8b 35 44 90 00 00 4c 89 ff
0x000000013348538f:   ff 15 c3 5c 00 00 89 c0 48 8d 55 b8 48 89 02 48
0x000000013348539f:   8b 05 8b 96 00 00 41 8b 3c 04 be 0a 00 00 00 b9 


Stack slot to memory mapping:
stack at sp + 0 slots: 0x000070000e42f858 is pointing into the stack for thread: 0x00007f9581003000
stack at sp + 1 slots: 0xaaaaaaaaaaaaaaaa is an unknown value
stack at sp + 2 slots: 0x000070000e42f860 is pointing into the stack for thread: 0x00007f9581003000
stack at sp + 3 slots: 0x000000011add57a4 is an unknown value
stack at sp + 4 slots: 0x00007f9582b6c050 points into unknown readable memory: 4d ec 48 33 01 80 1d 00
stack at sp + 5 slots: 0x00007f957f6c49d0 points into unknown readable memory: dd ed 48 33 01 80 3d 00
stack at sp + 6 slots: 0x0 is NULL
stack at sp + 7 slots: 0x0000000780711d18 points into unknown readable memory: 0d 00 00 00 00 00 00 00


---------------  P R O C E S S  ---------------

Threads class SMR info:
_java_thread_list=0x00007f9581e60780, length=15, elements={
0x00007f9581003000, 0x00007f9580046800, 0x00007f9580802800, 0x00007f9580047000,
0x00007f958004a800, 0x00007f958004b800, 0x00007f958004c800, 0x00007f958108e000,
0x00007f957f80f800, 0x00007f957f8b7800, 0x00007f9580899000, 0x00007f95810fc000,
0x00007f9580125800, 0x00007f9581181800, 0x00007f95800eb800
}

Java Threads: ( => current thread )
=>0x00007f9581003000 JavaThread "main" [_thread_in_native, id=9731, stack(0x000070000e330000,0x000070000e430000)]
  0x00007f9580046800 JavaThread "Reference Handler" daemon [_thread_blocked, id=14083, stack(0x000070000ea45000,0x000070000eb45000)]
  0x00007f9580802800 JavaThread "Finalizer" daemon [_thread_blocked, id=14595, stack(0x000070000eb48000,0x000070000ec48000)]
  0x00007f9580047000 JavaThread "Signal Dispatcher" daemon [_thread_blocked, id=16899, stack(0x000070000ed51000,0x000070000ee51000)]
  0x00007f958004a800 JavaThread "C2 CompilerThread0" daemon [_thread_blocked, id=21763, stack(0x000070000ee54000,0x000070000ef54000)]
  0x00007f958004b800 JavaThread "C1 CompilerThread0" daemon [_thread_blocked, id=22019, stack(0x000070000ef57000,0x000070000f057000)]
  0x00007f958004c800 JavaThread "Sweeper thread" daemon [_thread_blocked, id=42499, stack(0x000070000f05a000,0x000070000f15a000)]
  0x00007f958108e000 JavaThread "Common-Cleaner" daemon [_thread_blocked, id=41987, stack(0x000070000f15d000,0x000070000f25d000)]
  0x00007f957f80f800 JavaThread "Service Thread" daemon [_thread_blocked, id=22787, stack(0x000070000f260000,0x000070000f360000)]
  0x00007f957f8b7800 JavaThread "Java2D Disposer" daemon [_thread_blocked, id=40711, stack(0x000070000f466000,0x000070000f566000)]
  0x00007f9580899000 JavaThread "AppKit Thread" daemon [_thread_in_native, id=775, stack(0x00007ffee2127000,0x00007ffee2927000)]
  0x00007f95810fc000 JavaThread "AWT-Shutdown" [_thread_blocked, id=29955, stack(0x000070000f569000,0x000070000f669000)]
  0x00007f9580125800 JavaThread "Java2D Queue Flusher" daemon [_thread_blocked, id=53511, stack(0x000070000f7f5000,0x000070000f8f5000)]
  0x00007f9581181800 JavaThread "AWT-EventQueue-0" [_thread_blocked, id=72963, stack(0x000070000f8f8000,0x000070000f9f8000)]
  0x00007f95800eb800 JavaThread "Thread-0" [_thread_in_native, id=71479, stack(0x000070000f9fb000,0x000070000fafb000)]

Other Threads:
  0x00007f9580045800 VMThread "VM Thread" [stack: 0x000070000e942000,0x000070000ea42000] [id=13827]
  0x00007f95810b9000 WatcherThread [stack: 0x000070000f363000,0x000070000f463000] [id=23043]
  0x00007f958001e000 GCTaskThread "GC Thread#0" [stack: 0x000070000e433000,0x000070000e533000] [id=21507]
  0x00007f958094d000 GCTaskThread "GC Thread#1" [stack: 0x000070000fafe000,0x000070000fbfe000] [id=67887]
  0x00007f958094e000 GCTaskThread "GC Thread#2" [stack: 0x000070000fc01000,0x000070000fd01000] [id=64003]
  0x00007f9580955800 GCTaskThread "GC Thread#3" [stack: 0x000070000fd04000,0x000070000fe04000] [id=64515]
  0x00007f9580801800 ConcurrentGCThread "G1 Main Marker" [stack: 0x000070000e536000,0x000070000e636000] [id=12291]
  0x00007f957f808000 ConcurrentGCThread "G1 Conc#0" [stack: 0x000070000e639000,0x000070000e739000] [id=12803]
  0x00007f958003f800 ConcurrentGCThread "G1 Refine#0" [stack: 0x000070000e73c000,0x000070000e83c000] [id=13315]
  0x00007f9580958800 ConcurrentGCThread "G1 Refine#1" [stack: 0x000070000fe07000,0x000070000ff07000] [id=65027]
  0x00007f957f83c800 ConcurrentGCThread "G1 Young RemSet Sampling" [stack: 0x000070000e83f000,0x000070000e93f000] [id=20483]

Threads with active compile tasks:

VM state:not at safepoint (normal execution)

VM Mutex/Monitor currently owned by a thread: None

Heap address: 0x0000000780000000, size: 2048 MB, Compressed Oops mode: Zero based, Oop shift amount: 3
Narrow klass base: 0x0000000800000000, Narrow klass shift: 3
Compressed class space size: 1073741824 Address: 0x00000008010fe000

Heap:
 garbage-first heap   total 133120K, used 15701K [0x0000000780000000, 0x0000000800000000)
  region size 1024K, 7 young (7168K), 2 survivors (2048K)
 Metaspace       used 9801K, capacity 10138K, committed 10496K, reserved 1058816K
  class space    used 1028K, capacity 1192K, committed 1280K, reserved 1048576K
Heap Regions: E=young(eden), S=young(survivor), O=old, HS=humongous(starts), HC=humongous(continues), CS=collection set, F=free, A=archive, TAMS=top-at-mark-start (previous, next)
|   0|0x0000000780000000, 0x0000000780100000, 0x0000000780100000|100%| O|  |TAMS 0x0000000780000000, 0x0000000780000000| Untracked 
|   1|0x0000000780100000, 0x0000000780200000, 0x0000000780200000|100%| O|  |TAMS 0x0000000780100000, 0x0000000780100000| Untracked 
|   2|0x0000000780200000, 0x0000000780300000, 0x0000000780300000|100%| O|  |TAMS 0x0000000780200000, 0x0000000780200000| Untracked 
|   3|0x0000000780300000, 0x0000000780400000, 0x0000000780400000|100%| O|  |TAMS 0x0000000780300000, 0x0000000780300000| Untracked 
|   4|0x0000000780400000, 0x0000000780500000, 0x0000000780500000|100%| O|  |TAMS 0x0000000780400000, 0x0000000780400000| Untracked 
|   5|0x0000000780500000, 0x0000000780600000, 0x0000000780600000|100%| O|  |TAMS 0x0000000780500000, 0x0000000780500000| Untracked 
|   6|0x0000000780600000, 0x0000000780700000, 0x0000000780700000|100%| O|  |TAMS 0x0000000780600000, 0x0000000780600000| Untracked 
|   7|0x0000000780700000, 0x0000000780800000, 0x0000000780800000|100%| O|  |TAMS 0x0000000780700000, 0x0000000780700000| Untracked 
|   8|0x0000000780800000, 0x0000000780900000, 0x0000000780900000|100%| O|  |TAMS 0x0000000780800000, 0x0000000780800000| Untracked 
|   9|0x0000000780900000, 0x0000000780976200, 0x0000000780a00000| 46%| O|  |TAMS 0x0000000780900000, 0x0000000780900000| Untracked 
|  10|0x0000000780a00000, 0x0000000780a00000, 0x0000000780b00000|  0%| F|  |TAMS 0x0000000780a00000, 0x0000000780a00000| Untracked 
|  11|0x0000000780b00000, 0x0000000780b00000, 0x0000000780c00000|  0%| F|  |TAMS 0x0000000780b00000, 0x0000000780b00000| Untracked 
|  12|0x0000000780c00000, 0x0000000780c00000, 0x0000000780d00000|  0%| F|  |TAMS 0x0000000780c00000, 0x0000000780c00000| Untracked 
|  13|0x0000000780d00000, 0x0000000780d00000, 0x0000000780e00000|  0%| F|  |TAMS 0x0000000780d00000, 0x0000000780d00000| Untracked 
|  14|0x0000000780e00000, 0x0000000780e00000, 0x0000000780f00000|  0%| F|  |TAMS 0x0000000780e00000, 0x0000000780e00000| Untracked 
|  15|0x0000000780f00000, 0x0000000780f00000, 0x0000000781000000|  0%| F|  |TAMS 0x0000000780f00000, 0x0000000780f00000| Untracked 
|  16|0x0000000781000000, 0x0000000781000000, 0x0000000781100000|  0%| F|  |TAMS 0x0000000781000000, 0x0000000781000000| Untracked 
|  17|0x0000000781100000, 0x0000000781100000, 0x0000000781200000|  0%| F|  |TAMS 0x0000000781100000, 0x0000000781100000| Untracked 
|  18|0x0000000781200000, 0x0000000781200000, 0x0000000781300000|  0%| F|  |TAMS 0x0000000781200000, 0x0000000781200000| Untracked 
|  19|0x0000000781300000, 0x0000000781300000, 0x0000000781400000|  0%| F|  |TAMS 0x0000000781300000, 0x0000000781300000| Untracked 
|  20|0x0000000781400000, 0x0000000781400000, 0x0000000781500000|  0%| F|  |TAMS 0x0000000781400000, 0x0000000781400000| Untracked 
|  21|0x0000000781500000, 0x0000000781500000, 0x0000000781600000|  0%| F|  |TAMS 0x0000000781500000, 0x0000000781500000| Untracked 
|  22|0x0000000781600000, 0x0000000781600000, 0x0000000781700000|  0%| F|  |TAMS 0x0000000781600000, 0x0000000781600000| Untracked 
|  23|0x0000000781700000, 0x0000000781700000, 0x0000000781800000|  0%| F|  |TAMS 0x0000000781700000, 0x0000000781700000| Untracked 
|  24|0x0000000781800000, 0x0000000781800000, 0x0000000781900000|  0%| F|  |TAMS 0x0000000781800000, 0x0000000781800000| Untracked 
|  25|0x0000000781900000, 0x0000000781900000, 0x0000000781a00000|  0%| F|  |TAMS 0x0000000781900000, 0x0000000781900000| Untracked 
|  26|0x0000000781a00000, 0x0000000781a00000, 0x0000000781b00000|  0%| F|  |TAMS 0x0000000781a00000, 0x0000000781a00000| Untracked 
|  27|0x0000000781b00000, 0x0000000781b00000, 0x0000000781c00000|  0%| F|  |TAMS 0x0000000781b00000, 0x0000000781b00000| Untracked 
|  28|0x0000000781c00000, 0x0000000781c00000, 0x0000000781d00000|  0%| F|  |TAMS 0x0000000781c00000, 0x0000000781c00000| Untracked 
|  29|0x0000000781d00000, 0x0000000781d00000, 0x0000000781e00000|  0%| F|  |TAMS 0x0000000781d00000, 0x0000000781d00000| Untracked 
|  30|0x0000000781e00000, 0x0000000781e00000, 0x0000000781f00000|  0%| F|  |TAMS 0x0000000781e00000, 0x0000000781e00000| Untracked 
|  31|0x0000000781f00000, 0x0000000781f00000, 0x0000000782000000|  0%| F|  |TAMS 0x0000000781f00000, 0x0000000781f00000| Untracked 
|  32|0x0000000782000000, 0x0000000782000000, 0x0000000782100000|  0%| F|  |TAMS 0x0000000782000000, 0x0000000782000000| Untracked 
|  33|0x0000000782100000, 0x0000000782100000, 0x0000000782200000|  0%| F|  |TAMS 0x0000000782100000, 0x0000000782100000| Untracked 
|  34|0x0000000782200000, 0x0000000782200000, 0x0000000782300000|  0%| F|  |TAMS 0x0000000782200000, 0x0000000782200000| Untracked 
|  35|0x0000000782300000, 0x0000000782300000, 0x0000000782400000|  0%| F|  |TAMS 0x0000000782300000, 0x0000000782300000| Untracked 
|  36|0x0000000782400000, 0x0000000782400000, 0x0000000782500000|  0%| F|  |TAMS 0x0000000782400000, 0x0000000782400000| Untracked 
|  37|0x0000000782500000, 0x0000000782500000, 0x0000000782600000|  0%| F|  |TAMS 0x0000000782500000, 0x0000000782500000| Untracked 
|  38|0x0000000782600000, 0x0000000782600000, 0x0000000782700000|  0%| F|  |TAMS 0x0000000782600000, 0x0000000782600000| Untracked 
|  39|0x0000000782700000, 0x0000000782700000, 0x0000000782800000|  0%| F|  |TAMS 0x0000000782700000, 0x0000000782700000| Untracked 
|  40|0x0000000782800000, 0x0000000782800000, 0x0000000782900000|  0%| F|  |TAMS 0x0000000782800000, 0x0000000782800000| Untracked 
|  41|0x0000000782900000, 0x0000000782900000, 0x0000000782a00000|  0%| F|  |TAMS 0x0000000782900000, 0x0000000782900000| Untracked 
|  42|0x0000000782a00000, 0x0000000782a00000, 0x0000000782b00000|  0%| F|  |TAMS 0x0000000782a00000, 0x0000000782a00000| Untracked 
|  43|0x0000000782b00000, 0x0000000782b00000, 0x0000000782c00000|  0%| F|  |TAMS 0x0000000782b00000, 0x0000000782b00000| Untracked 
|  44|0x0000000782c00000, 0x0000000782c00000, 0x0000000782d00000|  0%| F|  |TAMS 0x0000000782c00000, 0x0000000782c00000| Untracked 
|  45|0x0000000782d00000, 0x0000000782d00000, 0x0000000782e00000|  0%| F|  |TAMS 0x0000000782d00000, 0x0000000782d00000| Untracked 
|  46|0x0000000782e00000, 0x0000000782e00000, 0x0000000782f00000|  0%| F|  |TAMS 0x0000000782e00000, 0x0000000782e00000| Untracked 
|  47|0x0000000782f00000, 0x0000000782f00000, 0x0000000783000000|  0%| F|  |TAMS 0x0000000782f00000, 0x0000000782f00000| Untracked 
|  48|0x0000000783000000, 0x0000000783000000, 0x0000000783100000|  0%| F|  |TAMS 0x0000000783000000, 0x0000000783000000| Untracked 
|  49|0x0000000783100000, 0x0000000783100000, 0x0000000783200000|  0%| F|  |TAMS 0x0000000783100000, 0x0000000783100000| Untracked 
|  50|0x0000000783200000, 0x0000000783200000, 0x0000000783300000|  0%| F|  |TAMS 0x0000000783200000, 0x0000000783200000| Untracked 
|  51|0x0000000783300000, 0x0000000783300000, 0x0000000783400000|  0%| F|  |TAMS 0x0000000783300000, 0x0000000783300000| Untracked 
|  52|0x0000000783400000, 0x0000000783400000, 0x0000000783500000|  0%| F|  |TAMS 0x0000000783400000, 0x0000000783400000| Untracked 
|  53|0x0000000783500000, 0x0000000783500000, 0x0000000783600000|  0%| F|  |TAMS 0x0000000783500000, 0x0000000783500000| Untracked 
|  54|0x0000000783600000, 0x0000000783600000, 0x0000000783700000|  0%| F|  |TAMS 0x0000000783600000, 0x0000000783600000| Untracked 
|  55|0x0000000783700000, 0x0000000783700000, 0x0000000783800000|  0%| F|  |TAMS 0x0000000783700000, 0x0000000783700000| Untracked 
|  56|0x0000000783800000, 0x0000000783800000, 0x0000000783900000|  0%| F|  |TAMS 0x0000000783800000, 0x0000000783800000| Untracked 
|  57|0x0000000783900000, 0x0000000783900000, 0x0000000783a00000|  0%| F|  |TAMS 0x0000000783900000, 0x0000000783900000| Untracked 
|  58|0x0000000783a00000, 0x0000000783a00000, 0x0000000783b00000|  0%| F|  |TAMS 0x0000000783a00000, 0x0000000783a00000| Untracked 
|  59|0x0000000783b00000, 0x0000000783b00000, 0x0000000783c00000|  0%| F|  |TAMS 0x0000000783b00000, 0x0000000783b00000| Untracked 
|  60|0x0000000783c00000, 0x0000000783c00000, 0x0000000783d00000|  0%| F|  |TAMS 0x0000000783c00000, 0x0000000783c00000| Untracked 
|  61|0x0000000783d00000, 0x0000000783d00000, 0x0000000783e00000|  0%| F|  |TAMS 0x0000000783d00000, 0x0000000783d00000| Untracked 
|  62|0x0000000783e00000, 0x0000000783e00000, 0x0000000783f00000|  0%| F|  |TAMS 0x0000000783e00000, 0x0000000783e00000| Untracked 
|  63|0x0000000783f00000, 0x0000000783f00000, 0x0000000784000000|  0%| F|  |TAMS 0x0000000783f00000, 0x0000000783f00000| Untracked 
|  64|0x0000000784000000, 0x0000000784000000, 0x0000000784100000|  0%| F|  |TAMS 0x0000000784000000, 0x0000000784000000| Untracked 
|  65|0x0000000784100000, 0x0000000784100000, 0x0000000784200000|  0%| F|  |TAMS 0x0000000784100000, 0x0000000784100000| Untracked 
|  66|0x0000000784200000, 0x0000000784200000, 0x0000000784300000|  0%| F|  |TAMS 0x0000000784200000, 0x0000000784200000| Untracked 
|  67|0x0000000784300000, 0x0000000784300000, 0x0000000784400000|  0%| F|  |TAMS 0x0000000784300000, 0x0000000784300000| Untracked 
|  68|0x0000000784400000, 0x0000000784400000, 0x0000000784500000|  0%| F|  |TAMS 0x0000000784400000, 0x0000000784400000| Untracked 
|  69|0x0000000784500000, 0x0000000784500000, 0x0000000784600000|  0%| F|  |TAMS 0x0000000784500000, 0x0000000784500000| Untracked 
|  70|0x0000000784600000, 0x0000000784600000, 0x0000000784700000|  0%| F|  |TAMS 0x0000000784600000, 0x0000000784600000| Untracked 
|  71|0x0000000784700000, 0x0000000784700000, 0x0000000784800000|  0%| F|  |TAMS 0x0000000784700000, 0x0000000784700000| Untracked 
|  72|0x0000000784800000, 0x0000000784800000, 0x0000000784900000|  0%| F|  |TAMS 0x0000000784800000, 0x0000000784800000| Untracked 
|  73|0x0000000784900000, 0x0000000784900000, 0x0000000784a00000|  0%| F|  |TAMS 0x0000000784900000, 0x0000000784900000| Untracked 
|  74|0x0000000784a00000, 0x0000000784a00000, 0x0000000784b00000|  0%| F|  |TAMS 0x0000000784a00000, 0x0000000784a00000| Untracked 
|  75|0x0000000784b00000, 0x0000000784b00000, 0x0000000784c00000|  0%| F|  |TAMS 0x0000000784b00000, 0x0000000784b00000| Untracked 
|  76|0x0000000784c00000, 0x0000000784c00000, 0x0000000784d00000|  0%| F|  |TAMS 0x0000000784c00000, 0x0000000784c00000| Untracked 
|  77|0x0000000784d00000, 0x0000000784d00000, 0x0000000784e00000|  0%| F|  |TAMS 0x0000000784d00000, 0x0000000784d00000| Untracked 
|  78|0x0000000784e00000, 0x0000000784e00000, 0x0000000784f00000|  0%| F|  |TAMS 0x0000000784e00000, 0x0000000784e00000| Untracked 
|  79|0x0000000784f00000, 0x0000000784f00000, 0x0000000785000000|  0%| F|  |TAMS 0x0000000784f00000, 0x0000000784f00000| Untracked 
|  80|0x0000000785000000, 0x0000000785000000, 0x0000000785100000|  0%| F|  |TAMS 0x0000000785000000, 0x0000000785000000| Untracked 
|  81|0x0000000785100000, 0x0000000785100000, 0x0000000785200000|  0%| F|  |TAMS 0x0000000785100000, 0x0000000785100000| Untracked 
|  82|0x0000000785200000, 0x0000000785200000, 0x0000000785300000|  0%| F|  |TAMS 0x0000000785200000, 0x0000000785200000| Untracked 
|  83|0x0000000785300000, 0x0000000785300000, 0x0000000785400000|  0%| F|  |TAMS 0x0000000785300000, 0x0000000785300000| Untracked 
|  84|0x0000000785400000, 0x0000000785400000, 0x0000000785500000|  0%| F|  |TAMS 0x0000000785400000, 0x0000000785400000| Untracked 
|  85|0x0000000785500000, 0x0000000785500000, 0x0000000785600000|  0%| F|  |TAMS 0x0000000785500000, 0x0000000785500000| Untracked 
|  86|0x0000000785600000, 0x0000000785600000, 0x0000000785700000|  0%| F|  |TAMS 0x0000000785600000, 0x0000000785600000| Untracked 
|  87|0x0000000785700000, 0x0000000785700000, 0x0000000785800000|  0%| F|  |TAMS 0x0000000785700000, 0x0000000785700000| Untracked 
|  88|0x0000000785800000, 0x0000000785800000, 0x0000000785900000|  0%| F|  |TAMS 0x0000000785800000, 0x0000000785800000| Untracked 
|  89|0x0000000785900000, 0x0000000785900000, 0x0000000785a00000|  0%| F|  |TAMS 0x0000000785900000, 0x0000000785900000| Untracked 
|  90|0x0000000785a00000, 0x0000000785a00000, 0x0000000785b00000|  0%| F|  |TAMS 0x0000000785a00000, 0x0000000785a00000| Untracked 
|  91|0x0000000785b00000, 0x0000000785b00000, 0x0000000785c00000|  0%| F|  |TAMS 0x0000000785b00000, 0x0000000785b00000| Untracked 
|  92|0x0000000785c00000, 0x0000000785c00000, 0x0000000785d00000|  0%| F|  |TAMS 0x0000000785c00000, 0x0000000785c00000| Untracked 
|  93|0x0000000785d00000, 0x0000000785d00000, 0x0000000785e00000|  0%| F|  |TAMS 0x0000000785d00000, 0x0000000785d00000| Untracked 
|  94|0x0000000785e00000, 0x0000000785e00000, 0x0000000785f00000|  0%| F|  |TAMS 0x0000000785e00000, 0x0000000785e00000| Untracked 
|  95|0x0000000785f00000, 0x0000000785f00000, 0x0000000786000000|  0%| F|  |TAMS 0x0000000785f00000, 0x0000000785f00000| Untracked 
|  96|0x0000000786000000, 0x0000000786000000, 0x0000000786100000|  0%| F|  |TAMS 0x0000000786000000, 0x0000000786000000| Untracked 
|  97|0x0000000786100000, 0x0000000786100000, 0x0000000786200000|  0%| F|  |TAMS 0x0000000786100000, 0x0000000786100000| Untracked 
|  98|0x0000000786200000, 0x0000000786200000, 0x0000000786300000|  0%| F|  |TAMS 0x0000000786200000, 0x0000000786200000| Untracked 
|  99|0x0000000786300000, 0x0000000786300000, 0x0000000786400000|  0%| F|  |TAMS 0x0000000786300000, 0x0000000786300000| Untracked 
| 100|0x0000000786400000, 0x00000007864273a8, 0x0000000786500000| 15%| S|CS|TAMS 0x0000000786400000, 0x0000000786400000| Complete 
| 101|0x0000000786500000, 0x0000000786600000, 0x0000000786600000|100%| S|CS|TAMS 0x0000000786500000, 0x0000000786500000| Complete 
| 102|0x0000000786600000, 0x0000000786600000, 0x0000000786700000|  0%| F|  |TAMS 0x0000000786600000, 0x0000000786600000| Untracked 
| 103|0x0000000786700000, 0x0000000786700000, 0x0000000786800000|  0%| F|  |TAMS 0x0000000786700000, 0x0000000786700000| Untracked 
| 104|0x0000000786800000, 0x0000000786800000, 0x0000000786900000|  0%| F|  |TAMS 0x0000000786800000, 0x0000000786800000| Untracked 
| 105|0x0000000786900000, 0x0000000786900000, 0x0000000786a00000|  0%| F|  |TAMS 0x0000000786900000, 0x0000000786900000| Untracked 
| 106|0x0000000786a00000, 0x0000000786a00000, 0x0000000786b00000|  0%| F|  |TAMS 0x0000000786a00000, 0x0000000786a00000| Untracked 
| 107|0x0000000786b00000, 0x0000000786b00000, 0x0000000786c00000|  0%| F|  |TAMS 0x0000000786b00000, 0x0000000786b00000| Untracked 
| 108|0x0000000786c00000, 0x0000000786c00000, 0x0000000786d00000|  0%| F|  |TAMS 0x0000000786c00000, 0x0000000786c00000| Untracked 
| 109|0x0000000786d00000, 0x0000000786d00000, 0x0000000786e00000|  0%| F|  |TAMS 0x0000000786d00000, 0x0000000786d00000| Untracked 
| 110|0x0000000786e00000, 0x0000000786e00000, 0x0000000786f00000|  0%| F|  |TAMS 0x0000000786e00000, 0x0000000786e00000| Untracked 
| 111|0x0000000786f00000, 0x0000000786f00000, 0x0000000787000000|  0%| F|  |TAMS 0x0000000786f00000, 0x0000000786f00000| Untracked 
| 112|0x0000000787000000, 0x0000000787000000, 0x0000000787100000|  0%| F|  |TAMS 0x0000000787000000, 0x0000000787000000| Untracked 
| 113|0x0000000787100000, 0x0000000787100000, 0x0000000787200000|  0%| F|  |TAMS 0x0000000787100000, 0x0000000787100000| Untracked 
| 114|0x0000000787200000, 0x0000000787200000, 0x0000000787300000|  0%| F|  |TAMS 0x0000000787200000, 0x0000000787200000| Untracked 
| 115|0x0000000787300000, 0x0000000787300000, 0x0000000787400000|  0%| F|  |TAMS 0x0000000787300000, 0x0000000787300000| Untracked 
| 116|0x0000000787400000, 0x0000000787400000, 0x0000000787500000|  0%| F|  |TAMS 0x0000000787400000, 0x0000000787400000| Untracked 
| 117|0x0000000787500000, 0x0000000787500000, 0x0000000787600000|  0%| F|  |TAMS 0x0000000787500000, 0x0000000787500000| Untracked 
| 118|0x0000000787600000, 0x0000000787600000, 0x0000000787700000|  0%| F|  |TAMS 0x0000000787600000, 0x0000000787600000| Untracked 
| 119|0x0000000787700000, 0x0000000787700000, 0x0000000787800000|  0%| F|  |TAMS 0x0000000787700000, 0x0000000787700000| Untracked 
| 120|0x0000000787800000, 0x0000000787800000, 0x0000000787900000|  0%| F|  |TAMS 0x0000000787800000, 0x0000000787800000| Untracked 
| 121|0x0000000787900000, 0x0000000787900000, 0x0000000787a00000|  0%| F|  |TAMS 0x0000000787900000, 0x0000000787900000| Untracked 
| 122|0x0000000787a00000, 0x0000000787a00000, 0x0000000787b00000|  0%| F|  |TAMS 0x0000000787a00000, 0x0000000787a00000| Untracked 
| 123|0x0000000787b00000, 0x0000000787c00000, 0x0000000787c00000|100%| E|  |TAMS 0x0000000787b00000, 0x0000000787b00000| Complete 
| 124|0x0000000787c00000, 0x0000000787d00000, 0x0000000787d00000|100%| E|CS|TAMS 0x0000000787c00000, 0x0000000787c00000| Complete 
| 125|0x0000000787d00000, 0x0000000787e00000, 0x0000000787e00000|100%| E|CS|TAMS 0x0000000787d00000, 0x0000000787d00000| Complete 
| 126|0x0000000787e00000, 0x0000000787f00000, 0x0000000787f00000|100%| E|CS|TAMS 0x0000000787e00000, 0x0000000787e00000| Complete 
| 127|0x0000000787f00000, 0x0000000788000000, 0x0000000788000000|100%| E|CS|TAMS 0x0000000787f00000, 0x0000000787f00000| Complete 
|1022|0x00000007bfe00000, 0x00000007bfe48000, 0x00000007bff00000| 28%|OA|  |TAMS 0x00000007bfe00000, 0x00000007bfe00000| Untracked 
|1023|0x00000007bff00000, 0x00000007bff70000, 0x00000007c0000000| 43%|CA|  |TAMS 0x00000007bff00000, 0x00000007bff00000| Untracked 

Card table byte_map: [0x0000000117712000,0x0000000117b12000] _byte_map_base: 0x0000000113b12000

Marking Bits (Prev, Next): (CMBitMap*) 0x00007f9580801018, (CMBitMap*) 0x00007f9580801058
 Prev Bits: [0x0000000117f12000, 0x0000000119f12000)
 Next Bits: [0x000000012a92b000, 0x000000012c92b000)

Polling page: 0x000000010d348000

Metaspace:

Usage:
  Non-class:      8.74 MB capacity,     8.57 MB ( 98%) used,   137.30 KB (  2%) free+waste,    35.81 KB ( <1%) overhead. 
      Class:      1.16 MB capacity,     1.00 MB ( 86%) used,   142.52 KB ( 12%) free+waste,    20.88 KB (  2%) overhead. 
       Both:      9.90 MB capacity,     9.57 MB ( 97%) used,   279.81 KB (  3%) free+waste,    56.69 KB ( <1%) overhead. 

Virtual space:
  Non-class space:       10.00 MB reserved,       9.00 MB ( 90%) committed 
      Class space:        1.00 GB reserved,       1.25 MB ( <1%) committed 
             Both:        1.01 GB reserved,      10.25 MB ( <1%) committed 

Chunk freelists:
   Non-Class:  6.25 KB
       Class:  0 bytes
        Both:  6.25 KB

CodeHeap 'non-profiled nmethods': size=120032Kb used=1505Kb max_used=1505Kb free=118526Kb
 bounds [0x00000001233f3000, 0x0000000123663000, 0x000000012a92b000]
CodeHeap 'profiled nmethods': size=120032Kb used=4540Kb max_used=4540Kb free=115491Kb
 bounds [0x000000011bebb000, 0x000000011c32b000, 0x00000001233f3000]
CodeHeap 'non-nmethods': size=5696Kb used=1252Kb max_used=1305Kb free=4443Kb
 bounds [0x000000011b92b000, 0x000000011bb9b000, 0x000000011bebb000]
 total_blobs=3479 nmethods=2222 adapters=550
 compilation: enabled
              stopped_count=0, restarted_count=0
 full_count=0

Compilation events (10 events):
Event: 112.939 Thread 0x00007f958004a800 2223       4       sun.lwawt.LWComponentPeer::getGraphicsConfiguration (8 bytes)
Event: 112.942 Thread 0x00007f958004a800 nmethod 2223 0x0000000123550290 code [0x0000000123550420, 0x0000000123550698]
Event: 115.144 Thread 0x00007f958004a800 2224       4       io.manxboy.paintball.graphics.Overlay$1::draw (110 bytes)
Event: 117.502 Thread 0x00007f958004a800 nmethod 2224 0x0000000123550790 code [0x00000001235512e0, 0x000000012355d578]
Event: 117.502 Thread 0x00007f958004a800 2225       4       sun.java2d.SunGraphics2D::setXORMode (32 bytes)
Event: 117.506 Thread 0x00007f958004a800 nmethod 2225 0x0000000123566f10 code [0x00000001235670e0, 0x0000000123567368]
Event: 117.506 Thread 0x00007f958004a800 2226       4       java.awt.Component$FlipBufferStrategy::flip (58 bytes)
Event: 117.569 Thread 0x00007f958004a800 nmethod 2226 0x0000000123567690 code [0x0000000123567940, 0x0000000123569e70]
Event: 121.205 Thread 0x00007f958004a800 2227       4       sun.awt.SunToolkit::awtUnlock (7 bytes)
Event: 121.210 Thread 0x00007f958004a800 nmethod 2227 0x000000012356af10 code [0x000000012356b0e0, 0x000000012356b468]

GC Heap History (8 events):
Event: 1.627 GC heap before
{Heap before GC invocations=0 (full 0):
 garbage-first heap   total 133120K, used 15072K [0x0000000780000000, 0x0000000800000000)
  region size 1024K, 14 young (14336K), 0 survivors (0K)
 Metaspace       used 7728K, capacity 8002K, committed 8192K, reserved 1056768K
  class space    used 893K, capacity 1023K, committed 1024K, reserved 1048576K
}
Event: 1.642 GC heap after
{Heap after GC invocations=1 (full 0):
 garbage-first heap   total 133120K, used 9141K [0x0000000780000000, 0x0000000800000000)
  region size 1024K, 2 young (2048K), 2 survivors (2048K)
 Metaspace       used 7728K, capacity 8002K, committed 8192K, reserved 1056768K
  class space    used 893K, capacity 1023K, committed 1024K, reserved 1048576K
}
Event: 3.767 GC heap before
{Heap before GC invocations=1 (full 0):
 garbage-first heap   total 133120K, used 13237K [0x0000000780000000, 0x0000000800000000)
  region size 1024K, 6 young (6144K), 2 survivors (2048K)
 Metaspace       used 8752K, capacity 9108K, committed 9472K, reserved 1056768K
  class space    used 996K, capacity 1157K, committed 1280K, reserved 1048576K
}
Event: 3.781 GC heap after
{Heap after GC invocations=2 (full 0):
 garbage-first heap   total 133120K, used 11448K [0x0000000780000000, 0x0000000800000000)
  region size 1024K, 1 young (1024K), 1 survivors (1024K)
 Metaspace       used 8752K, capacity 9108K, committed 9472K, reserved 1056768K
  class space    used 996K, capacity 1157K, committed 1280K, reserved 1048576K
}
Event: 25.474 GC heap before
{Heap before GC invocations=2 (full 0):
 garbage-first heap   total 133120K, used 26808K [0x0000000780000000, 0x0000000800000000)
  region size 1024K, 16 young (16384K), 1 survivors (1024K)
 Metaspace       used 9493K, capacity 9880K, committed 10240K, reserved 1058816K
  class space    used 1028K, capacity 1192K, committed 1280K, reserved 1048576K
}
Event: 25.478 GC heap after
{Heap after GC invocations=3 (full 0):
 garbage-first heap   total 133120K, used 11565K [0x0000000780000000, 0x0000000800000000)
  region size 1024K, 2 young (2048K), 2 survivors (2048K)
 Metaspace       used 9493K, capacity 9880K, committed 10240K, reserved 1058816K
  class space    used 1028K, capacity 1192K, committed 1280K, reserved 1048576K
}
Event: 92.394 GC heap before
{Heap before GC invocations=3 (full 0):
 garbage-first heap   total 133120K, used 36141K [0x0000000780000000, 0x0000000800000000)
  region size 1024K, 26 young (26624K), 2 survivors (2048K)
 Metaspace       used 9800K, capacity 10138K, committed 10496K, reserved 1058816K
  class space    used 1028K, capacity 1192K, committed 1280K, reserved 1048576K
}
Event: 92.397 GC heap after
{Heap after GC invocations=4 (full 0):
 garbage-first heap   total 133120K, used 11605K [0x0000000780000000, 0x0000000800000000)
  region size 1024K, 2 young (2048K), 2 survivors (2048K)
 Metaspace       used 9800K, capacity 10138K, committed 10496K, reserved 1058816K
  class space    used 1028K, capacity 1192K, committed 1280K, reserved 1048576K
}

Deoptimization events (10 events):
Event: 14.890 Thread 0x00007f9581003000 Uncommon trap: reason=class_check action=maybe_recompile pc=0x00000001234d6f44 method=jdk.internal.misc.Unsafe.allocateUninitializedArray(Ljava/lang/Class;I)Ljava/lang/Object; @ 48 c2
Event: 14.890 Thread 0x00007f9581003000 Uncommon trap: reason=class_check action=maybe_recompile pc=0x00000001234d6f44 method=jdk.internal.misc.Unsafe.allocateUninitializedArray(Ljava/lang/Class;I)Ljava/lang/Object; @ 48 c2
Event: 17.324 Thread 0x00007f9581003000 Uncommon trap: reason=intrinsic_or_type_checked_inlining action=make_not_entrant pc=0x00000001234e5880 method=java.util.Arrays.copyOf([Ljava/lang/Object;ILjava/lang/Class;)[Ljava/lang/Object; @ 35 c2
Event: 37.397 Thread 0x00007f9581003000 Uncommon trap: reason=class_check action=make_not_entrant pc=0x000000012350c07c method=java.util.ArrayList.toArray([Ljava/lang/Object;)[Ljava/lang/Object; @ 21 c2
Event: 64.500 Thread 0x00007f9581003000 Uncommon trap: reason=unstable_if action=reinterpret pc=0x00000001234f4960 method=sun.java2d.pipe.BufferedTextPipe.enqueueGlyphList(Lsun/java2d/SunGraphics2D;Lsun/font/GlyphList;)V @ 99 c2
Event: 64.764 Thread 0x00007f9581003000 Uncommon trap: reason=unstable_if action=reinterpret pc=0x000000012350ec30 method=sun.java2d.pipe.BufferedTextPipe.enqueueGlyphList(Lsun/java2d/SunGraphics2D;Lsun/font/GlyphList;)V @ 99 c2
Event: 71.297 Thread 0x00007f9581181800 Uncommon trap: reason=intrinsic_or_type_checked_inlining action=make_not_entrant pc=0x000000012350cb18 method=java.util.ArrayList.toArray([Ljava/lang/Object;)[Ljava/lang/Object; @ 36 c2
Event: 92.397 Thread 0x00007f9581003000 Uncommon trap: reason=null_check action=make_not_entrant pc=0x00000001234a6ed4 method=sun.java2d.pipe.BufferedContext.validate(Lsun/java2d/pipe/hw/AccelSurface;Lsun/java2d/pipe/hw/AccelSurface;Lsun/java2d/pipe/Region;Ljava/awt/Composite;Ljava/awt/geom/Aff
Event: 105.122 Thread 0x00007f9581003000 Uncommon trap: reason=unstable_if action=reinterpret pc=0x000000012354f914 method=java.lang.Long.getChars(JI[B)I @ 175 c2
Event: 105.122 Thread 0x00007f9581003000 Uncommon trap: reason=unstable_if action=reinterpret pc=0x000000012353187c method=sun.java2d.pipe.RenderBuffer.put([JII)Lsun/java2d/pipe/RenderBuffer; @ 3 c2

Classes redefined (0 events):
No events

Internal exceptions (10 events):
Event: 1.009 Thread 0x00007f9581181800 Exception <a 'java/lang/NoSuchMethodError'{0x0000000787bd8bb8}: java.lang.invoke.DirectMethodHandle$Holder.invokeStatic(Ljava/lang/Object;J)V> (0x0000000787bd8bb8) thrown at [/scratch/mesos/slaves/a1bab71e-a362-4507-81ed-9c72a04b09cc-S132/frameworks/1735e
Event: 1.011 Thread 0x00007f9581003000 Exception <a 'java/lang/NoSuchMethodError'{0x0000000787bb9380}: java.lang.invoke.Invokers$Holder.linkToTargetMethod(IIIILjava/lang/Object;)Ljava/lang/Object;> (0x0000000787bb9380) thrown at [/scratch/mesos/slaves/a1bab71e-a362-4507-81ed-9c72a04b09cc-S132/
Event: 1.013 Thread 0x00007f9581003000 Exception <a 'java/lang/NoSuchMethodError'{0x0000000787bbbe88}: java.lang.invoke.DirectMethodHandle$Holder.invokeStatic(Ljava/lang/Object;Ljava/lang/Object;J)V> (0x0000000787bbbe88) thrown at [/scratch/mesos/slaves/a1bab71e-a362-4507-81ed-9c72a04b09cc-S13
Event: 1.083 Thread 0x00007f9581003000 Exception <a 'java/lang/NoSuchMethodError'{0x0000000787bce740}: java.lang.invoke.DirectMethodHandle$Holder.invokeSpecial(Ljava/lang/Object;Ljava/lang/Object;J)V> (0x0000000787bce740) thrown at [/scratch/mesos/slaves/a1bab71e-a362-4507-81ed-9c72a04b09cc-S1
Event: 1.084 Thread 0x00007f9581003000 Exception <a 'java/lang/NoSuchMethodError'{0x0000000787bd3d90}: java.lang.invoke.DirectMethodHandle$Holder.invokeStatic(Ljava/lang/Object;JJ)V> (0x0000000787bd3d90) thrown at [/scratch/mesos/slaves/a1bab71e-a362-4507-81ed-9c72a04b09cc-S132/frameworks/1735
Event: 1.088 Thread 0x00007f9581003000 Exception <a 'java/lang/NoSuchMethodError'{0x0000000787a50220}: java.lang.invoke.Invokers$Holder.linkToTargetMethod(Ljava/lang/Object;ILjava/lang/Object;)Ljava/lang/Object;> (0x0000000787a50220) thrown at [/scratch/mesos/slaves/a1bab71e-a362-4507-81ed-9c7
Event: 1.154 Thread 0x00007f95800eb800 Exception <a 'java/lang/NoSuchMethodError'{0x000000078765e018}: java.lang.invoke.DirectMethodHandle$Holder.invokeSpecialIFC(Ljava/lang/Object;Ljava/lang/Object;I)I> (0x000000078765e018) thrown at [/scratch/mesos/slaves/a1bab71e-a362-4507-81ed-9c72a04b09cc
Event: 1.206 Thread 0x00007f9581003000 Exception <a 'java/lang/NoSuchMethodError'{0x0000000787514a48}: java.lang.invoke.DirectMethodHandle$Holder.invokeStaticInit(Ljava/lang/Object;Ljava/lang/Object;Ljava/lang/Object;)Ljava/lang/Object;> (0x0000000787514a48) thrown at [/scratch/mesos/slaves/a1
Event: 3.664 Thread 0x00007f9581003000 Exception <a 'java/lang/NoSuchMethodError'{0x0000000787c737b8}: java.lang.invoke.DirectMethodHandle$Holder.invokeStatic(Ljava/lang/Object;Ljava/lang/Object;Ljava/lang/Object;Ljava/lang/Object;Ljava/lang/Object;Ljava/lang/Object;Ljava/lang/Object;Ljava/lan
Event: 92.397 Thread 0x00007f9581003000 Implicit null exception at 0x00000001234a4adb to 0x00000001234a6eaa

Events (10 events):
Event: 92.397 Executing VM operation: G1CollectForAllocation done
Event: 92.397 Thread 0x00007f9581003000 Uncommon trap: trap_request=0xfffffff4 fr.pc=0x00000001234a6ed4 relative=0x0000000000002674
Event: 92.397 Thread 0x00007f9581003000 DEOPT PACKING pc=0x00000001234a6ed4 sp=0x000070000e42f630
Event: 92.397 Thread 0x00007f9581003000 DEOPT UNPACKING pc=0x000000011b9543a5 sp=0x000070000e42f5f8 mode 2
Event: 105.122 Thread 0x00007f9581003000 Uncommon trap: trap_request=0xffffff4d fr.pc=0x000000012354f914 relative=0x0000000000000174
Event: 105.122 Thread 0x00007f9581003000 DEOPT PACKING pc=0x000000012354f914 sp=0x000070000e42f4f0
Event: 105.122 Thread 0x00007f9581003000 DEOPT UNPACKING pc=0x000000011b9543a5 sp=0x000070000e42f468 mode 2
Event: 105.122 Thread 0x00007f9581003000 Uncommon trap: trap_request=0xffffff4d fr.pc=0x000000012353187c relative=0x000000000000201c
Event: 105.122 Thread 0x00007f9581003000 DEOPT PACKING pc=0x000000012353187c sp=0x000070000e42f4d0
Event: 105.122 Thread 0x00007f9581003000 DEOPT UNPACKING pc=0x000000011b9543a5 sp=0x000070000e42f1a8 mode 2


Dynamic libraries:
0x00007fff6b3fc000 	/usr/lib/libz.1.dylib
0x000000010d2e2000 	/Library/Java/JavaVirtualMachines/jdk-12.0.2.jdk/Contents/Home/lib/libjli.dylib
0x00007fff33dfa000 	/System/Library/Frameworks/Cocoa.framework/Versions/A/Cocoa
0x00007fff413a1000 	/System/Library/Frameworks/Security.framework/Versions/A/Security
0x00007fff32da0000 	/System/Library/Frameworks/ApplicationServices.framework/Versions/A/ApplicationServices
0x00007fff68f04000 	/usr/lib/libSystem.B.dylib
0x00007fff6be73000 	/usr/lib/system/libcache.dylib
0x00007fff6be79000 	/usr/lib/system/libcommonCrypto.dylib
0x00007fff6be85000 	/usr/lib/system/libcompiler_rt.dylib
0x00007fff6be8d000 	/usr/lib/system/libcopyfile.dylib
0x00007fff6be97000 	/usr/lib/system/libcorecrypto.dylib
0x00007fff6c045000 	/usr/lib/system/libdispatch.dylib
0x00007fff6c087000 	/usr/lib/system/libdyld.dylib
0x00007fff6c0bd000 	/usr/lib/system/libkeymgr.dylib
0x00007fff6c0cb000 	/usr/lib/system/liblaunch.dylib
0x00007fff6c0cc000 	/usr/lib/system/libmacho.dylib
0x00007fff6c0d2000 	/usr/lib/system/libquarantine.dylib
0x00007fff6c0d5000 	/usr/lib/system/libremovefile.dylib
0x00007fff6c0d7000 	/usr/lib/system/libsystem_asl.dylib
0x00007fff6c0ef000 	/usr/lib/system/libsystem_blocks.dylib
0x00007fff6c0f0000 	/usr/lib/system/libsystem_c.dylib
0x00007fff6c178000 	/usr/lib/system/libsystem_configuration.dylib
0x00007fff6c17c000 	/usr/lib/system/libsystem_coreservices.dylib
0x00007fff6c180000 	/usr/lib/system/libsystem_darwin.dylib
0x00007fff6c188000 	/usr/lib/system/libsystem_dnssd.dylib
0x00007fff6c190000 	/usr/lib/system/libsystem_featureflags.dylib
0x00007fff6c192000 	/usr/lib/system/libsystem_info.dylib
0x00007fff6c20d000 	/usr/lib/system/libsystem_m.dylib
0x00007fff6c255000 	/usr/lib/system/libsystem_malloc.dylib
0x00007fff6c27d000 	/usr/lib/system/libsystem_networkextension.dylib
0x00007fff6c28b000 	/usr/lib/system/libsystem_notify.dylib
0x00007fff6c2aa000 	/usr/lib/system/libsystem_sandbox.dylib
0x00007fff6c2af000 	/usr/lib/system/libsystem_secinit.dylib
0x00007fff6c1e0000 	/usr/lib/system/libsystem_kernel.dylib
0x00007fff6c295000 	/usr/lib/system/libsystem_platform.dylib
0x00007fff6c29f000 	/usr/lib/system/libsystem_pthread.dylib
0x00007fff6c2b2000 	/usr/lib/system/libsystem_symptoms.dylib
0x00007fff6c2ba000 	/usr/lib/system/libsystem_trace.dylib
0x00007fff6c2d2000 	/usr/lib/system/libunwind.dylib
0x00007fff6c2d8000 	/usr/lib/system/libxpc.dylib
0x00007fff6ad27000 	/usr/lib/libobjc.A.dylib
0x00007fff69236000 	/usr/lib/libc++abi.dylib
0x00007fff691e2000 	/usr/lib/libc++.1.dylib
0x00007fff34d5f000 	/System/Library/Frameworks/CoreFoundation.framework/Versions/A/CoreFoundation
0x00007fff3741a000 	/System/Library/Frameworks/Foundation.framework/Versions/C/Foundation
0x00007fff31fa4000 	/System/Library/Frameworks/AppKit.framework/Versions/C/AppKit
0x00007fff34879000 	/System/Library/Frameworks/CoreData.framework/Versions/A/CoreData
0x00007fff657b5000 	/System/Library/PrivateFrameworks/UIFoundation.framework/Versions/A/UIFoundation
0x00007fff60055000 	/System/Library/PrivateFrameworks/RemoteViewServices.framework/Versions/A/RemoteViewServices
0x00007fff68235000 	/System/Library/PrivateFrameworks/XCTTargetBootstrap.framework/Versions/A/XCTTargetBootstrap
0x00007fff34c54000 	/System/Library/Frameworks/CoreDisplay.framework/Versions/A/CoreDisplay
0x00007fff3a152000 	/System/Library/Frameworks/Metal.framework/Versions/A/Metal
0x00007fff4e5c2000 	/System/Library/PrivateFrameworks/DesktopServicesPriv.framework/Versions/A/DesktopServicesPriv
0x00007fff6a01f000 	/usr/lib/liblangid.dylib
0x00007fff4d71e000 	/System/Library/PrivateFrameworks/CoreSVG.framework/Versions/A/CoreSVG
0x00007fff62d85000 	/System/Library/PrivateFrameworks/SkyLight.framework/Versions/A/SkyLight
0x00007fff351e0000 	/System/Library/Frameworks/CoreGraphics.framework/Versions/A/CoreGraphics
0x00007fff30b45000 	/System/Library/Frameworks/Accelerate.framework/Versions/A/Accelerate
0x00007fff6b2ed000 	/usr/lib/libxml2.2.dylib
0x00007fff5918d000 	/System/Library/PrivateFrameworks/IconServices.framework/Versions/A/IconServices
0x00007fff37bd8000 	/System/Library/Frameworks/IOSurface.framework/Versions/A/IOSurface
0x00007fff68a3d000 	/usr/lib/libDiagnosticMessagesClient.dylib
0x00007fff4e43c000 	/System/Library/PrivateFrameworks/DFRFoundation.framework/Versions/A/DFRFoundation
0x00007fff69dad000 	/usr/lib/libicucore.A.dylib
0x00007fff330d2000 	/System/Library/Frameworks/AudioToolbox.framework/Versions/A/AudioToolbox
0x00007fff331b4000 	/System/Library/Frameworks/AudioUnit.framework/Versions/A/AudioUnit
0x00007fff69106000 	/usr/lib/libauto.dylib
0x00007fff4e4bc000 	/System/Library/PrivateFrameworks/DataDetectorsCore.framework/Versions/A/DataDetectorsCore
0x00007fff3391b000 	/System/Library/Frameworks/Carbon.framework/Versions/A/Frameworks/HIToolbox.framework/Versions/A/HIToolbox
0x00007fff40599000 	/System/Library/Frameworks/QuartzCore.framework/Versions/A/QuartzCore
0x00007fff33c5a000 	/System/Library/Frameworks/Carbon.framework/Versions/A/Frameworks/SpeechRecognition.framework/Versions/A/SpeechRecognition
0x00007fff4ddbe000 	/System/Library/PrivateFrameworks/CoreUI.framework/Versions/A/CoreUI
0x00007fff342df000 	/System/Library/Frameworks/CoreAudio.framework/Versions/A/CoreAudio
0x00007fff370e7000 	/System/Library/Frameworks/DiskArbitration.framework/Versions/A/DiskArbitration
0x00007fff5b273000 	/System/Library/PrivateFrameworks/MultitouchSupport.framework/Versions/A/MultitouchSupport
0x00007fff69c78000 	/usr/lib/libenergytrace.dylib
0x00007fff37b33000 	/System/Library/Frameworks/IOKit.framework/Versions/A/IOKit
0x00007fff36146000 	/System/Library/Frameworks/CoreServices.framework/Versions/A/CoreServices
0x00007fff5d2c8000 	/System/Library/PrivateFrameworks/PerformanceAnalysis.framework/Versions/A/PerformanceAnalysis
0x00007fff3f5d1000 	/System/Library/Frameworks/OpenGL.framework/Versions/A/OpenGL
0x00007fff33e08000 	/System/Library/Frameworks/ColorSync.framework/Versions/A/ColorSync
0x00007fff35867000 	/System/Library/Frameworks/CoreImage.framework/Versions/A/CoreImage
0x00007fff36bba000 	/System/Library/Frameworks/CoreText.framework/Versions/A/CoreText
0x00007fff37c5b000 	/System/Library/Frameworks/ImageIO.framework/Versions/A/ImageIO
0x00007fff6925e000 	/usr/lib/libcompression.dylib
0x00007fff68d7e000 	/usr/lib/libMobileGestalt.dylib
0x00007fff648a8000 	/System/Library/PrivateFrameworks/TextureIO.framework/Versions/A/TextureIO
0x00007fff6906c000 	/usr/lib/libate.dylib
0x00007fff59393000 	/System/Library/PrivateFrameworks/InternationalSupport.framework/Versions/A/InternationalSupport
0x00007fff6a021000 	/usr/lib/liblzma.5.dylib
0x00007fff69ca0000 	/usr/lib/libfakelink.dylib
0x00007fff68ff9000 	/usr/lib/libarchive.2.dylib
0x00007fff425b5000 	/System/Library/Frameworks/SystemConfiguration.framework/Versions/A/SystemConfiguration
0x00007fff6896e000 	/usr/lib/libCRFSuite.dylib
0x00007fff3352a000 	/System/Library/Frameworks/CFNetwork.framework/Versions/A/CFNetwork
0x00007fff691c4000 	/usr/lib/libbsm.0.dylib
0x00007fff6c0be000 	/usr/lib/system/libkxld.dylib
0x00007fff47fbb000 	/System/Library/PrivateFrameworks/AppleFSCompression.framework/Versions/A/AppleFSCompression
0x00007fff69537000 	/usr/lib/libcoretls.dylib
0x00007fff6954e000 	/usr/lib/libcoretls_cfhelpers.dylib
0x00007fff6ad6b000 	/usr/lib/libpam.2.dylib
0x00007fff6ae9a000 	/usr/lib/libsqlite3.dylib
0x00007fff6b2da000 	/usr/lib/libxar.1.dylib
0x00007fff691d5000 	/usr/lib/libbz2.1.0.dylib
0x00007fff69cbc000 	/usr/lib/libiconv.2.dylib
0x00007fff6924b000 	/usr/lib/libcharset.1.dylib
0x00007fff6a817000 	/usr/lib/libnetwork.dylib
0x00007fff6ad72000 	/usr/lib/libpcap.A.dylib
0x00007fff68fae000 	/usr/lib/libapple_nghttp2.dylib
0x00007fff364fd000 	/System/Library/Frameworks/CoreServices.framework/Versions/A/Frameworks/FSEvents.framework/Versions/A/FSEvents
0x00007fff361cd000 	/System/Library/Frameworks/CoreServices.framework/Versions/A/Frameworks/CarbonCore.framework/Versions/A/CarbonCore
0x00007fff3673f000 	/System/Library/Frameworks/CoreServices.framework/Versions/A/Frameworks/Metadata.framework/Versions/A/Metadata
0x00007fff367d8000 	/System/Library/Frameworks/CoreServices.framework/Versions/A/Frameworks/OSServices.framework/Versions/A/OSServices
0x00007fff36806000 	/System/Library/Frameworks/CoreServices.framework/Versions/A/Frameworks/SearchKit.framework/Versions/A/SearchKit
0x00007fff36147000 	/System/Library/Frameworks/CoreServices.framework/Versions/A/Frameworks/AE.framework/Versions/A/AE
0x00007fff36506000 	/System/Library/Frameworks/CoreServices.framework/Versions/A/Frameworks/LaunchServices.framework/Versions/A/LaunchServices
0x00007fff364af000 	/System/Library/Frameworks/CoreServices.framework/Versions/A/Frameworks/DictionaryServices.framework/Versions/A/DictionaryServices
0x00007fff3686e000 	/System/Library/Frameworks/CoreServices.framework/Versions/A/Frameworks/SharedFileList.framework/Versions/A/SharedFileList
0x00007fff3b427000 	/System/Library/Frameworks/NetFS.framework/Versions/A/NetFS
0x00007fff5b713000 	/System/Library/PrivateFrameworks/NetAuth.framework/Versions/A/NetAuth
0x00007fff685fe000 	/System/Library/PrivateFrameworks/login.framework/Versions/A/Frameworks/loginsupport.framework/Versions/A/loginsupport
0x00007fff643ae000 	/System/Library/PrivateFrameworks/TCC.framework/Versions/A/TCC
0x00007fff4cafc000 	/System/Library/PrivateFrameworks/CoreNLP.framework/Versions/A/CoreNLP
0x00007fff5aca4000 	/System/Library/PrivateFrameworks/MetadataUtilities.framework/Versions/A/MetadataUtilities
0x00007fff6a0f9000 	/usr/lib/libmecabra.dylib
0x00007fff6a051000 	/usr/lib/libmecab.dylib
0x00007fff69cb1000 	/usr/lib/libgermantok.dylib
0x00007fff68f95000 	/usr/lib/libThaiTokenizer.dylib
0x00007fff689a6000 	/usr/lib/libChineseTokenizer.dylib
0x00007fff30b5d000 	/System/Library/Frameworks/Accelerate.framework/Versions/A/Frameworks/vImage.framework/Versions/A/vImage
0x00007fff31dff000 	/System/Library/Frameworks/Accelerate.framework/Versions/A/Frameworks/vecLib.framework/Versions/A/vecLib
0x00007fff31d43000 	/System/Library/Frameworks/Accelerate.framework/Versions/A/Frameworks/vecLib.framework/Versions/A/libvMisc.dylib
0x00007fff31b69000 	/System/Library/Frameworks/Accelerate.framework/Versions/A/Frameworks/vecLib.framework/Versions/A/libvDSP.dylib
0x00007fff311c9000 	/System/Library/Frameworks/Accelerate.framework/Versions/A/Frameworks/vecLib.framework/Versions/A/libBLAS.dylib
0x00007fff31723000 	/System/Library/Frameworks/Accelerate.framework/Versions/A/Frameworks/vecLib.framework/Versions/A/libLAPACK.dylib
0x00007fff31ac9000 	/System/Library/Frameworks/Accelerate.framework/Versions/A/Frameworks/vecLib.framework/Versions/A/libLinearAlgebra.dylib
0x00007fff31b56000 	/System/Library/Frameworks/Accelerate.framework/Versions/A/Frameworks/vecLib.framework/Versions/A/libSparseBLAS.dylib
0x00007fff31adf000 	/System/Library/Frameworks/Accelerate.framework/Versions/A/Frameworks/vecLib.framework/Versions/A/libQuadrature.dylib
0x00007fff31432000 	/System/Library/Frameworks/Accelerate.framework/Versions/A/Frameworks/vecLib.framework/Versions/A/libBNNS.dylib
0x00007fff31ae5000 	/System/Library/Frameworks/Accelerate.framework/Versions/A/Frameworks/vecLib.framework/Versions/A/libSparse.dylib
0x00007fff59752000 	/System/Library/PrivateFrameworks/LanguageModeling.framework/Versions/A/LanguageModeling
0x00007fff4c4a0000 	/System/Library/PrivateFrameworks/CoreEmoji.framework/Versions/A/CoreEmoji
0x00007fff5986f000 	/System/Library/PrivateFrameworks/LinguisticData.framework/Versions/A/LinguisticData
0x00007fff59820000 	/System/Library/PrivateFrameworks/Lexicon.framework/Versions/A/Lexicon
0x00007fff6924c000 	/usr/lib/libcmph.dylib
0x00007fff3dff7000 	/System/Library/Frameworks/OpenDirectory.framework/Versions/A/Frameworks/CFOpenDirectory.framework/Versions/A/CFOpenDirectory
0x00007fff3e014000 	/System/Library/Frameworks/OpenDirectory.framework/Versions/A/OpenDirectory
0x00007fff46373000 	/System/Library/PrivateFrameworks/APFS.framework/Versions/A/APFS
0x00007fff416e6000 	/System/Library/Frameworks/SecurityFoundation.framework/Versions/A/SecurityFoundation
0x00007fff6b2d6000 	/usr/lib/libutil.dylib
0x00007fff4d776000 	/System/Library/PrivateFrameworks/CoreServicesStore.framework/Versions/A/CoreServicesStore
0x00007fff417c7000 	/System/Library/Frameworks/ServiceManagement.framework/Versions/A/ServiceManagement
0x00007fff49756000 	/System/Library/PrivateFrameworks/BackgroundTaskManagement.framework/Versions/A/BackgroundTaskManagement
0x00007fff6b3d3000 	/usr/lib/libxslt.1.dylib
0x00007fff48619000 	/System/Library/PrivateFrameworks/AppleSystemInfo.framework/Versions/A/AppleSystemInfo
0x00007fff37e76000 	/System/Library/Frameworks/ImageIO.framework/Versions/A/Resources/libJPEG.dylib
0x00007fff38135000 	/System/Library/Frameworks/ImageIO.framework/Versions/A/Resources/libTIFF.dylib
0x00007fff38118000 	/System/Library/Frameworks/ImageIO.framework/Versions/A/Resources/libPng.dylib
0x00007fff37db7000 	/System/Library/Frameworks/ImageIO.framework/Versions/A/Resources/libGIF.dylib
0x00007fff37dbb000 	/System/Library/Frameworks/ImageIO.framework/Versions/A/Resources/libJP2.dylib
0x00007fff38133000 	/System/Library/Frameworks/ImageIO.framework/Versions/A/Resources/libRadiance.dylib
0x00007fff69c79000 	/usr/lib/libexpat.1.dylib
0x00007fff48116000 	/System/Library/PrivateFrameworks/AppleJPEG.framework/Versions/A/AppleJPEG
0x00007fff5098e000 	/System/Library/PrivateFrameworks/FontServices.framework/libFontParser.dylib
0x00007fff67659000 	/System/Library/PrivateFrameworks/WatchdogClient.framework/Versions/A/WatchdogClient
0x00007fff58de5000 	/System/Library/PrivateFrameworks/IOAccelerator.framework/Versions/A/IOAccelerator
0x00007fff3a4e0000 	/System/Library/Frameworks/MetalPerformanceShaders.framework/Versions/A/MetalPerformanceShaders
0x00007fff556db000 	/System/Library/PrivateFrameworks/GPUWrangler.framework/Versions/A/GPUWrangler
0x00007fff58df0000 	/System/Library/PrivateFrameworks/IOPresentment.framework/Versions/A/IOPresentment
0x00007fff4e44e000 	/System/Library/PrivateFrameworks/DSExternalDisplay.framework/Versions/A/DSExternalDisplay
0x00007fff3e97d000 	/System/Library/Frameworks/OpenGL.framework/Versions/A/Libraries/libCoreFSCache.dylib
0x00007fff3a231000 	/System/Library/Frameworks/MetalPerformanceShaders.framework/Frameworks/MPSCore.framework/Versions/A/MPSCore
0x00007fff3a26e000 	/System/Library/Frameworks/MetalPerformanceShaders.framework/Frameworks/MPSImage.framework/Versions/A/MPSImage
0x00007fff3a331000 	/System/Library/Frameworks/MetalPerformanceShaders.framework/Frameworks/MPSNeuralNetwork.framework/Versions/A/MPSNeuralNetwork
0x00007fff3a2f5000 	/System/Library/Frameworks/MetalPerformanceShaders.framework/Frameworks/MPSMatrix.framework/Versions/A/MPSMatrix
0x00007fff3a491000 	/System/Library/Frameworks/MetalPerformanceShaders.framework/Frameworks/MPSRayIntersector.framework/Versions/A/MPSRayIntersector
0x00007fff3a31b000 	/System/Library/Frameworks/MetalPerformanceShaders.framework/Frameworks/MPSNDArray.framework/Versions/A/MPSNDArray
0x00007fff5acf1000 	/System/Library/PrivateFrameworks/MetalTools.framework/Versions/A/MetalTools
0x00007fff47452000 	/System/Library/PrivateFrameworks/AggregateDictionary.framework/Versions/A/AggregateDictionary
0x00007fff4bf37000 	/System/Library/PrivateFrameworks/CoreAnalytics.framework/Versions/A/CoreAnalytics
0x00007fff48537000 	/System/Library/PrivateFrameworks/AppleSauce.framework/Versions/A/AppleSauce
0x00007fff68c61000 	/usr/lib/libIOReport.dylib
0x00007fff36d6f000 	/System/Library/Frameworks/CoreVideo.framework/Versions/A/CoreVideo
0x00007fff56ac8000 	/System/Library/PrivateFrameworks/GraphVisualizer.framework/Versions/A/GraphVisualizer
0x00007fff4ff10000 	/System/Library/PrivateFrameworks/FaceCore.framework/Versions/A/FaceCore
0x00007fff3df9e000 	/System/Library/Frameworks/OpenCL.framework/Versions/A/OpenCL
0x00007fff68a83000 	/usr/lib/libFosl_dynamic.dylib
0x00007fff5c109000 	/System/Library/PrivateFrameworks/OTSVG.framework/Versions/A/OTSVG
0x00007fff32ea5000 	/System/Library/Frameworks/ApplicationServices.framework/Versions/A/Frameworks/ATS.framework/Versions/A/Resources/libFontRegistry.dylib
0x00007fff50b5f000 	/System/Library/PrivateFrameworks/FontServices.framework/libhvf.dylib
0x00007fff3e988000 	/System/Library/Frameworks/OpenGL.framework/Versions/A/Libraries/libGFXShared.dylib
0x00007fff3eb65000 	/System/Library/Frameworks/OpenGL.framework/Versions/A/Libraries/libGLU.dylib
0x00007fff3e991000 	/System/Library/Frameworks/OpenGL.framework/Versions/A/Libraries/libGL.dylib
0x00007fff3e99c000 	/System/Library/Frameworks/OpenGL.framework/Versions/A/Libraries/libGLImage.dylib
0x00007fff3e97a000 	/System/Library/Frameworks/OpenGL.framework/Versions/A/Libraries/libCVMSPluginSupport.dylib
0x00007fff3e983000 	/System/Library/Frameworks/OpenGL.framework/Versions/A/Libraries/libCoreVMClient.dylib
0x00007fff6a6b9000 	/usr/lib/libncurses.5.4.dylib
0x00007fff32da1000 	/System/Library/Frameworks/ApplicationServices.framework/Versions/A/Frameworks/ATS.framework/Versions/A/ATS
0x00007fff32f6e000 	/System/Library/Frameworks/ApplicationServices.framework/Versions/A/Frameworks/ColorSyncLegacy.framework/Versions/A/ColorSyncLegacy
0x00007fff3300d000 	/System/Library/Frameworks/ApplicationServices.framework/Versions/A/Frameworks/HIServices.framework/Versions/A/HIServices
0x00007fff33064000 	/System/Library/Frameworks/ApplicationServices.framework/Versions/A/Frameworks/LangAnalysis.framework/Versions/A/LangAnalysis
0x00007fff33073000 	/System/Library/Frameworks/ApplicationServices.framework/Versions/A/Frameworks/PrintCore.framework/Versions/A/PrintCore
0x00007fff330b9000 	/System/Library/Frameworks/ApplicationServices.framework/Versions/A/Frameworks/QD.framework/Versions/A/QD
0x00007fff330c4000 	/System/Library/Frameworks/ApplicationServices.framework/Versions/A/Frameworks/SpeechSynthesis.framework/Versions/A/SpeechSynthesis
0x00007fff32f3e000 	/System/Library/Frameworks/ApplicationServices.framework/Versions/A/Frameworks/ATSUI.framework/Versions/A/ATSUI
0x00007fff69b0d000 	/usr/lib/libcups.2.dylib
0x00007fff39599000 	/System/Library/Frameworks/Kerberos.framework/Versions/A/Kerberos
0x00007fff3784e000 	/System/Library/Frameworks/GSS.framework/Versions/A/GSS
0x00007fff6ae27000 	/usr/lib/libresolv.9.dylib
0x00007fff56c69000 	/System/Library/PrivateFrameworks/Heimdal.framework/Versions/A/Heimdal
0x00007fff395ac000 	/System/Library/Frameworks/Kerberos.framework/Versions/A/Libraries/libHeimdalProxy.dylib
0x00007fff69cb7000 	/usr/lib/libheimdal-asn1.dylib
0x00007fff4b3fd000 	/System/Library/PrivateFrameworks/CommonAuth.framework/Versions/A/CommonAuth
0x00007fff486b6000 	/System/Library/PrivateFrameworks/AssertionServices.framework/Versions/A/AssertionServices
0x00007fff4924c000 	/System/Library/PrivateFrameworks/AudioToolboxCore.framework/Versions/A/AudioToolboxCore
0x00007fff682b1000 	/System/Library/PrivateFrameworks/caulk.framework/Versions/A/caulk
0x00007fff49802000 	/System/Library/PrivateFrameworks/BaseBoard.framework/Versions/A/BaseBoard
0x00007fff601e1000 	/System/Library/PrivateFrameworks/RunningBoardServices.framework/Versions/A/RunningBoardServices
0x00007fff5d2d4000 	/System/Library/PrivateFrameworks/PersistentConnection.framework/Versions/A/PersistentConnection
0x00007fff5fbee000 	/System/Library/PrivateFrameworks/ProtocolBuffer.framework/Versions/A/ProtocolBuffer
0x00007fff4b41a000 	/System/Library/PrivateFrameworks/CommonUtilities.framework/Versions/A/CommonUtilities
0x00007fff49981000 	/System/Library/PrivateFrameworks/Bom.framework/Versions/A/Bom
0x00007fff68932000 	/usr/lib/libAudioToolboxUtility.dylib
0x00007fff49760000 	/System/Library/PrivateFrameworks/Backup.framework/Versions/A/Backup
0x00007fff4e1bd000 	/System/Library/PrivateFrameworks/CrashReporterSupport.framework/Versions/A/CrashReporterSupport
0x00007fff61c6a000 	/System/Library/PrivateFrameworks/Sharing.framework/Versions/A/Sharing
0x00007fff47e63000 	/System/Library/PrivateFrameworks/Apple80211.framework/Versions/A/Apple80211
0x00007fff49488000 	/System/Library/PrivateFrameworks/AuthKit.framework/Versions/A/AuthKit
0x00007fff4deeb000 	/System/Library/PrivateFrameworks/CoreUtils.framework/Versions/A/CoreUtils
0x00007fff36db4000 	/System/Library/Frameworks/CoreWLAN.framework/Versions/A/CoreWLAN
0x00007fff379b7000 	/System/Library/Frameworks/IOBluetooth.framework/Versions/A/IOBluetooth
0x00007fff5afef000 	/System/Library/PrivateFrameworks/MobileKeyBag.framework/Versions/A/MobileKeyBag
0x00007fff4cfcc000 	/System/Library/PrivateFrameworks/CorePhoneNumbers.framework/Versions/A/CorePhoneNumbers
0x00007fff480c9000 	/System/Library/PrivateFrameworks/AppleIDAuthSupport.framework/Versions/A/AppleIDAuthSupport
0x00007fff3b434000 	/System/Library/Frameworks/Network.framework/Versions/A/Network
0x00007fff595db000 	/System/Library/PrivateFrameworks/KeychainCircle.framework/Versions/A/KeychainCircle
0x00007fff34841000 	/System/Library/Frameworks/CoreBluetooth.framework/Versions/A/CoreBluetooth
0x00007fff638c4000 	/System/Library/PrivateFrameworks/SpeechRecognitionCore.framework/Versions/A/SpeechRecognitionCore
0x000000010dc00000 	/Library/Java/JavaVirtualMachines/jdk-12.0.2.jdk/Contents/Home/lib/server/libjvm.dylib
0x000000010d300000 	/Library/Java/JavaVirtualMachines/jdk-12.0.2.jdk/Contents/Home/lib/libverify.dylib
0x000000010d30c000 	/Library/Java/JavaVirtualMachines/jdk-12.0.2.jdk/Contents/Home/lib/libjava.dylib
0x000000010d392000 	/Library/Java/JavaVirtualMachines/jdk-12.0.2.jdk/Contents/Home/lib/libzip.dylib
0x000000010d39a000 	/Library/Java/JavaVirtualMachines/jdk-12.0.2.jdk/Contents/Home/lib/libjimage.dylib
0x000000011ac9b000 	/Library/Java/JavaVirtualMachines/jdk-12.0.2.jdk/Contents/Home/lib/libnio.dylib
0x000000011aca9000 	/Library/Java/JavaVirtualMachines/jdk-12.0.2.jdk/Contents/Home/lib/libnet.dylib
0x000000011adf9000 	/Library/Java/JavaVirtualMachines/jdk-12.0.2.jdk/Contents/Home/lib/libawt.dylib
0x000000011ae8e000 	/Library/Java/JavaVirtualMachines/jdk-12.0.2.jdk/Contents/Home/lib/libmlib_image.dylib
0x00007fff39582000 	/System/Library/Frameworks/JavaVM.framework/Versions/A/Frameworks/JavaNativeFoundation.framework/Versions/A/JavaNativeFoundation
0x00007fff3958b000 	/System/Library/Frameworks/JavaVM.framework/Versions/A/Frameworks/JavaRuntimeSupport.framework/Versions/A/JavaRuntimeSupport
0x00007fff39594000 	/System/Library/Frameworks/JavaVM.framework/Versions/A/JavaVM
0x00007fff5943d000 	/System/Library/PrivateFrameworks/JavaLaunching.framework/Versions/A/JavaLaunching
0x00007fff33916000 	/System/Library/Frameworks/Carbon.framework/Versions/A/Carbon
0x00007fff4dc9f000 	/System/Library/PrivateFrameworks/CoreSymbolication.framework/Versions/A/CoreSymbolication
0x00007fff33917000 	/System/Library/Frameworks/Carbon.framework/Versions/A/Frameworks/CommonPanels.framework/Versions/A/CommonPanels
0x00007fff33c10000 	/System/Library/Frameworks/Carbon.framework/Versions/A/Frameworks/Help.framework/Versions/A/Help
0x00007fff33c14000 	/System/Library/Frameworks/Carbon.framework/Versions/A/Frameworks/ImageCapture.framework/Versions/A/ImageCapture
0x00007fff33c1b000 	/System/Library/Frameworks/Carbon.framework/Versions/A/Frameworks/OpenScripting.framework/Versions/A/OpenScripting
0x00007fff33c1a000 	/System/Library/Frameworks/Carbon.framework/Versions/A/Frameworks/Ink.framework/Versions/A/Ink
0x00007fff33c56000 	/System/Library/Frameworks/Carbon.framework/Versions/A/Frameworks/Print.framework/Versions/A/Print
0x00007fff33c57000 	/System/Library/Frameworks/Carbon.framework/Versions/A/Frameworks/SecurityHI.framework/Versions/A/SecurityHI
0x00007fff4e583000 	/System/Library/PrivateFrameworks/DebugSymbols.framework/Versions/A/DebugSymbols
0x000000011aef3000 	/Library/Java/JavaVirtualMachines/jdk-12.0.2.jdk/Contents/Home/lib/libawt_lwawt.dylib
0x000000011af9d000 	/Library/Java/JavaVirtualMachines/jdk-12.0.2.jdk/Contents/Home/lib/libosxapp.dylib
0x00007fff372c1000 	/System/Library/Frameworks/ExceptionHandling.framework/Versions/A/ExceptionHandling
0x000000011afbf000 	/Library/Java/JavaVirtualMachines/jdk-12.0.2.jdk/Contents/Home/lib/libfontmanager.dylib
0x000000011b0be000 	/Library/Java/JavaVirtualMachines/jdk-12.0.2.jdk/Contents/Home/lib/libfreetype.dylib
0x00007fff4d742000 	/System/Library/PrivateFrameworks/CoreServicesInternal.framework/Versions/A/CoreServicesInternal
0x00007fff372e0000 	/System/Library/Frameworks/FileProvider.framework/Versions/A/FileProvider
0x00007fff31e00000 	/System/Library/Frameworks/Accounts.framework/Versions/A/Accounts
0x00007fff559fb000 	/System/Library/PrivateFrameworks/GenerationalStorage.framework/Versions/A/GenerationalStorage
0x00007fff640f1000 	/System/Library/PrivateFrameworks/SymptomDiagnosticReporter.framework/Versions/A/SymptomDiagnosticReporter
0x00007fff47960000 	/System/Library/PrivateFrameworks/AppContainer.framework/Versions/A/AppContainer
0x00007fff6ae41000 	/usr/lib/libsandbox.1.dylib
0x00007fff665fd000 	/System/Library/PrivateFrameworks/UserManagement.framework/Versions/A/UserManagement
0x00007fff4a528000 	/System/Library/PrivateFrameworks/ChunkingLibrary.framework/Versions/A/ChunkingLibrary
0x00007fff479d1000 	/System/Library/PrivateFrameworks/AppSandbox.framework/Versions/A/AppSandbox
0x00007fff61b1f000 	/System/Library/PrivateFrameworks/SecCodeWrapper.framework/Versions/A/SecCodeWrapper
0x00007fff68d47000 	/usr/lib/libMatch.1.dylib
0x00007fff28335000 	/System/Library/CoreServices/RawCamera.bundle/Contents/MacOS/RawCamera
0x00007fff5ae19000 	/System/Library/PrivateFrameworks/MobileAsset.framework/Versions/A/MobileAsset
0x00007fff63f9f000 	/System/Library/PrivateFrameworks/StreamingZip.framework/Versions/A/StreamingZip
0x00007fff39a10000 	/System/Library/Frameworks/MediaToolbox.framework/Versions/A/MediaToolbox
0x00007fff4bee7000 	/System/Library/PrivateFrameworks/CoreAVCHD.framework/Versions/A/CoreAVCHD
0x00007fff3993d000 	/System/Library/Frameworks/MediaAccessibility.framework/Versions/A/MediaAccessibility
0x00007fff5a20d000 	/System/Library/PrivateFrameworks/Mangrove.framework/Versions/A/Mangrove
0x00007fff35f82000 	/System/Library/Frameworks/CoreMedia.framework/Versions/A/CoreMedia
0x00007fff5a468000 	/System/Library/PrivateFrameworks/MediaExperience.framework/Versions/A/MediaExperience
0x00007fff4289b000 	/System/Library/Frameworks/VideoToolbox.framework/Versions/A/VideoToolbox
0x00007fff4bb11000 	/System/Library/PrivateFrameworks/CoreAUC.framework/Versions/A/CoreAUC
0x00007fff6ae98000 	/usr/lib/libspindump.dylib
0x00007fff48bf7000 	/System/Library/PrivateFrameworks/AudioResourceArbitration.framework/Versions/A/AudioResourceArbitration
0x00007fff4861d000 	/System/Library/PrivateFrameworks/AppleVA.framework/Versions/A/AppleVA
0x00007fff30b46000 	/System/Library/Frameworks/Accelerate.framework/Versions/A/Frameworks/vImage.framework/Versions/A/Libraries/libCGInterfaces.dylib
0x000000011b81d000 	/usr/lib/libobjc-trampolines.dylib
0x00007fff50ac6000 	/System/Library/PrivateFrameworks/FontServices.framework/libTrueTypeScaler.dylib
0x00007fff2bf7f000 	/System/Library/Extensions/AppleIntelBDWGraphicsMTLDriver.bundle/Contents/MacOS/AppleIntelBDWGraphicsMTLDriver
0x00007fff54033000 	/System/Library/PrivateFrameworks/GPUCompiler.framework/Versions/3902/Libraries/libmetal_timestamp.dylib
0x00007fff673cb000 	/System/Library/PrivateFrameworks/ViewBridge.framework/Versions/A/ViewBridge
0x00007fff3f5e1000 	/System/Library/Frameworks/OpenGL.framework/Versions/A/Resources/GLEngine.bundle/GLEngine
0x00007fff3e9d2000 	/System/Library/Frameworks/OpenGL.framework/Versions/A/Libraries/libGLProgrammability.dylib
0x00007fff2ba7a000 	/System/Library/Extensions/AppleIntelBDWGraphicsGLDriver.bundle/Contents/MacOS/AppleIntelBDWGraphicsGLDriver
0x00007fff556cf000 	/System/Library/PrivateFrameworks/GPUSupport.framework/Versions/A/Libraries/libGPUSupportMercury.dylib
0x00007fff3f75b000 	/System/Library/Frameworks/OpenGL.framework/Versions/A/Resources/GLRendererFloat.bundle/GLRendererFloat
0x00007fff3df95000 	/System/Library/Frameworks/OpenCL.framework/Versions/A/Libraries/libcldcpuengine.dylib
0x00007fff696f2000 	/usr/lib/libcrypto.35.dylib
0x00007fff64add000 	/System/Library/PrivateFrameworks/TrustEvaluationAgent.framework/Versions/A/TrustEvaluationAgent
0x00007fff68601000 	/System/Library/PrivateFrameworks/login.framework/Versions/A/login
0x0000000132abd000 	/Library/Java/JavaVirtualMachines/jdk-12.0.2.jdk/Contents/Home/lib/libosxui.dylib
0x000000011adcf000 	/Users/manxboy/Documents/GitHub/final-project-manxboy/Paintball/lib/natives/libjinput-osx.jnilib
0x0000000133478000 	/System/Library/Extensions/IOHIDFamily.kext/Contents/PlugIns/IOHIDLib.plugin/Contents/MacOS/IOHIDLib
0x00007fff56b49000 	/System/Library/PrivateFrameworks/HIDAnalytics.framework/Versions/A/HIDAnalytics
0x00007fff6416b000 	/System/Library/PrivateFrameworks/SystemAdministration.framework/Versions/A/SystemAdministration
0x00007fff4e928000 	/System/Library/PrivateFrameworks/DiskManagement.framework/Versions/A/DiskManagement
0x00007fff3700b000 	/System/Library/Frameworks/DirectoryService.framework/Versions/A/DirectoryService
0x00007fff4e85f000 	/System/Library/PrivateFrameworks/DiskImages.framework/Versions/A/DiskImages
0x00007fff59917000 	/System/Library/PrivateFrameworks/LoginUIKit.framework/Versions/A/Frameworks/LoginUICore.framework/Versions/A/LoginUICore
0x00007fff689b1000 	/usr/lib/libCoreStorage.dylib
0x00007fff69afa000 	/usr/lib/libcsfde.dylib
0x00007fff6ad59000 	/usr/lib/libodfde.dylib
0x00007fff5a4f3000 	/System/Library/PrivateFrameworks/MediaKit.framework/Versions/A/MediaKit
0x00007fff37017000 	/System/Library/Frameworks/DiscRecording.framework/Versions/A/DiscRecording
0x00007fff4ead6000 	/System/Library/PrivateFrameworks/EFILogin.framework/Versions/A/EFILogin
0x00007fff5fb93000 	/System/Library/PrivateFrameworks/ProtectedCloudStorage.framework/Versions/A/ProtectedCloudStorage
0x00007fff69b6e000 	/usr/lib/libcurl.4.dylib
0x00007fff699f3000 	/usr/lib/libcrypto.44.dylib
0x00007fff6b17b000 	/usr/lib/libssl.46.dylib
0x00007fff395ad000 	/System/Library/Frameworks/LDAP.framework/Versions/A/LDAP
0x00007fff6ae85000 	/usr/lib/libsasl2.2.dylib
0x00007fff4c21e000 	/System/Library/PrivateFrameworks/CoreDaemon.framework/Versions/B/CoreDaemon
0x00007fff48532000 	/System/Library/PrivateFrameworks/AppleSRP.framework/Versions/A/AppleSRP


VM Arguments:
jvm_args: -Dfile.encoding=UTF-8 -Djava.library.path=lib/natives/ --module-path=/Users/manxboy/Documents/GitHub/final-project-manxboy/Paintball/build/classes 
java_command: io.manxboy.paintball.Game
java_class_path (initial): /Users/manxboy/Documents/GitHub/final-project-manxboy/Paintball/lib/jinput-2.0.9.jar:/Users/manxboy/Documents/GitHub/final-project-manxboy/Paintball/lib/jinput-2.0.9-natives-all.jar:/Users/manxboy/Documents/GitHub/final-project-manxboy/Paintball/build/classes
Launcher Type: SUN_STANDARD

[Global flags]
     intx CICompilerCount                          = 3                                         {product} {ergonomic}
     uint ConcGCThreads                            = 1                                         {product} {ergonomic}
     uint G1ConcRefinementThreads                  = 4                                         {product} {ergonomic}
   size_t G1HeapRegionSize                         = 1048576                                   {product} {ergonomic}
    uintx GCDrainStackTargetSize                   = 64                                        {product} {ergonomic}
   size_t InitialHeapSize                          = 134217728                                 {product} {ergonomic}
   size_t MarkStackSize                            = 4194304                                   {product} {ergonomic}
   size_t MaxHeapSize                              = 2147483648                                {product} {ergonomic}
   size_t MaxNewSize                               = 1287651328                                {product} {ergonomic}
   size_t MinHeapDeltaBytes                        = 1048576                                   {product} {ergonomic}
    uintx NonNMethodCodeHeapSize                   = 5830732                                {pd product} {ergonomic}
    uintx NonProfiledCodeHeapSize                  = 122913754                              {pd product} {ergonomic}
    uintx ProfiledCodeHeapSize                     = 122913754                              {pd product} {ergonomic}
    uintx ReservedCodeCacheSize                    = 251658240                              {pd product} {ergonomic}
     bool SegmentedCodeCache                       = true                                      {product} {ergonomic}
     bool UseCompressedClassPointers               = true                                 {lp64_product} {ergonomic}
     bool UseCompressedOops                        = true                                 {lp64_product} {ergonomic}
     bool UseG1GC                                  = true                                      {product} {ergonomic}

Logging:
Log output configuration:
 #0: stdout all=warning uptime,level,tags
 #1: stderr all=off uptime,level,tags

Environment Variables:
PATH=/usr/bin:/bin:/usr/sbin:/sbin
SHELL=/bin/zsh
DISPLAY=/private/tmp/com.apple.launchd.gKj4kUtcsP/org.macosforge.xquartz:0

Signal Handlers:
SIGSEGV: [libjvm.dylib+0x735568], sa_mask[0]=11111111011111110111111111111111, sa_flags=SA_ONSTACK|SA_RESTART|SA_SIGINFO
SIGBUS: [libjvm.dylib+0x735568], sa_mask[0]=11111111011111110111111111111111, sa_flags=SA_RESTART|SA_SIGINFO
SIGFPE: [libjvm.dylib+0x735568], sa_mask[0]=11111111011111110111111111111111, sa_flags=SA_RESTART|SA_SIGINFO
SIGPIPE: [libjvm.dylib+0x5dcfee], sa_mask[0]=11111111011111110111111111111111, sa_flags=SA_RESTART|SA_SIGINFO
SIGXFSZ: [libjvm.dylib+0x5dcfee], sa_mask[0]=11111111011111110111111111111111, sa_flags=SA_RESTART|SA_SIGINFO
SIGILL: [libjvm.dylib+0x735568], sa_mask[0]=11111111011111110111111111111111, sa_flags=SA_RESTART|SA_SIGINFO
SIGUSR2: [libjvm.dylib+0x5dd5d3], sa_mask[0]=00100000000000000000000000000000, sa_flags=SA_RESTART|SA_SIGINFO
SIGHUP: [libjvm.dylib+0x5dc293], sa_mask[0]=11111111011111110111111111111111, sa_flags=SA_RESTART|SA_SIGINFO
SIGINT: SIG_IGN, sa_mask[0]=00000000000000000000000000000000, sa_flags=none
SIGTERM: [libjvm.dylib+0x5dc293], sa_mask[0]=11111111011111110111111111111111, sa_flags=SA_RESTART|SA_SIGINFO
SIGQUIT: [libjvm.dylib+0x5dc293], sa_mask[0]=11111111011111110111111111111111, sa_flags=SA_RESTART|SA_SIGINFO


---------------  S Y S T E M  ---------------

OS:uname:Darwin 19.0.0 Darwin Kernel Version 19.0.0: Wed Sep 25 20:18:50 PDT 2019; root:xnu-6153.11.26~2/RELEASE_X86_64 x86_64
rlimit: STACK 8192k, CORE 0k, NPROC 1392, NOFILE 10240, AS infinity, DATA infinity, FSIZE infinity
load average:4.90 3.01 2.66

CPU:total 4 (initial active 4) (2 cores per cpu, 2 threads per core) family 6 model 61 stepping 4, cmov, cx8, fxsr, mmx, sse, sse2, sse3, ssse3, sse4.1, sse4.2, popcnt, avx, avx2, aes, clmul, erms, 3dnowpref, lzcnt, ht, tsc, tscinvbit, bmi1, bmi2, adx, fma

Memory: 4k page, physical 8388608k(647748k free)

vm_info: OpenJDK 64-Bit Server VM (12.0.2+10) for bsd-amd64 JRE (12.0.2+10), built on Jul 16 2019 01:04:04 by "mach5one" with gcc 4.2.1 Compatible Apple LLVM 9.1.0 (clang-902.0.39.2)

END.
