#
# A fatal error has been detected by the Java Runtime Environment:
#
#  SIGSEGV (0xb) at pc=0x0000000128eb02af, pid=4509, tid=6147
#
# JRE version: OpenJDK Runtime Environment (12.0.2+10) (build 12.0.2+10)
# Java VM: OpenJDK 64-Bit Server VM (12.0.2+10, mixed mode, sharing, tiered, compressed oops, g1 gc, bsd-amd64)
# Problematic frame:
# C  [IOHIDLib+0xd2af]  IOHIDLibFactory+0x32e4
#
# No core dump will be written. Core dumps have been disabled. To enable core dumping, try "ulimit -c unlimited" before starting Java again
#
# If you would like to submit a bug report, please visit:
#   http://bugreport.java.com/bugreport/crash.jsp
# The crash happened outside the Java Virtual Machine in native code.
# See problematic frame for where to report the bug.
#

---------------  S U M M A R Y ------------

Command Line: -Dfile.encoding=UTF-8 -Djava.library.path=lib/natives/ --module-path=/Users/manxboy/Documents/GitHub/final-project-manxboy/Paintball/build/classes io.manxboy.paintball.Game

Host: MacBookAir7,2 x86_64 1600 MHz, 4 cores, 8G, Darwin 19.0.0
Time: Mon Jan 27 14:29:18 2020 EST elapsed time: 81 seconds (0d 0h 1m 21s)

---------------  T H R E A D  ---------------

Current thread (0x00007fc14b000800):  JavaThread "main" [_thread_in_native, id=6147, stack(0x000070000b76a000,0x000070000b86a000)]

Stack: [0x000070000b76a000,0x000070000b86a000],  sp=0x000070000b8695a0,  free space=1021k
Native frames: (J=compiled Java code, A=aot compiled Java code, j=interpreted, Vv=VM code, C=native code)
C  [IOHIDLib+0xd2af]  IOHIDLibFactory+0x32e4
C  [IOHIDLib+0xe4f1]  IOHIDLibFactory+0x4526
C  [libjinput-osx.jnilib+0x1b33]  Java_net_java_games_input_OSXHIDDevice_nGetElementValue+0x23
J 1124  net.java.games.input.OSXHIDDevice.nGetElementValue(JJLnet/java/games/input/OSXEvent;)V (0 bytes) @ 0x000000011495aa21 [0x000000011495a940+0x00000000000000e1]
J 1112 c1 net.java.games.input.OSXComponent.poll()F (8 bytes) @ 0x000000010d59caac [0x000000010d59c6c0+0x00000000000003ec]
J 1098 c1 net.java.games.input.AbstractComponent.getPollData()F (58 bytes) @ 0x000000010d5927b4 [0x000000010d592540+0x0000000000000274]
j  io.manxboy.paintball.Input.poll()V+343
J 1517 c2 io.manxboy.paintball.Game.tick(D)V (48 bytes) @ 0x00000001149c332c [0x00000001149c32e0+0x000000000000004c]
J 1040% c2 io.manxboy.paintball.Game.loop()V (127 bytes) @ 0x0000000114958c74 [0x0000000114958be0+0x0000000000000094]
j  io.manxboy.paintball.Game.main([Ljava/lang/String;)V+91
v  ~StubRoutines::call_stub
V  [libjvm.dylib+0x392795]  _ZN9JavaCalls11call_helperEP9JavaValueRK12methodHandleP17JavaCallArgumentsP6Thread+0x285
V  [libjvm.dylib+0x3d2061]  _ZL17jni_invoke_staticP7JNIEnv_P9JavaValueP8_jobject11JNICallTypeP10_jmethodIDP18JNI_ArgumentPusherP6Thread+0x11c
V  [libjvm.dylib+0x3d578c]  jni_CallStaticVoidMethod+0x1c9
C  [libjli.dylib+0x4898]  JavaMain+0xab4
C  [libsystem_pthread.dylib+0x5d76]  _pthread_start+0x7d
C  [libsystem_pthread.dylib+0x25d7]  thread_start+0xf

Java frames: (J=compiled Java code, j=interpreted, Vv=VM code)
J 1124  net.java.games.input.OSXHIDDevice.nGetElementValue(JJLnet/java/games/input/OSXEvent;)V (0 bytes) @ 0x000000011495a9a8 [0x000000011495a940+0x0000000000000068]
J 1112 c1 net.java.games.input.OSXComponent.poll()F (8 bytes) @ 0x000000010d59caac [0x000000010d59c6c0+0x00000000000003ec]
J 1098 c1 net.java.games.input.AbstractComponent.getPollData()F (58 bytes) @ 0x000000010d5927b4 [0x000000010d592540+0x0000000000000274]
j  io.manxboy.paintball.Input.poll()V+343
J 1517 c2 io.manxboy.paintball.Game.tick(D)V (48 bytes) @ 0x00000001149c332c [0x00000001149c32e0+0x000000000000004c]
J 1040% c2 io.manxboy.paintball.Game.loop()V (127 bytes) @ 0x0000000114958c74 [0x0000000114958be0+0x0000000000000094]
j  io.manxboy.paintball.Game.main([Ljava/lang/String;)V+91
v  ~StubRoutines::call_stub

siginfo: si_signo: 11 (SIGSEGV), si_code: 1 (SEGV_MAPERR), si_addr: 0x000000012761b7e0

Register to memory mapping:

RAX=0x00000000000017d8 is an unknown value
RBX=0x000000012761a000 is an unknown value
RCX=0x000000012761b7d8 is an unknown value
RDX=0x021d800128eb9c4d is an unknown value
RSP=0x000070000b8695a0 is pointing into the stack for thread: 0x00007fc14b000800
RBP=0x000070000b8695f0 is pointing into the stack for thread: 0x00007fc14b000800
RSI=0x00007fc149ecf010 points into unknown readable memory: 76 61 6c 75 65 4c 6f 63
RDI=0x00007fc14c41bfc0 points into unknown readable memory: 4d 9c eb 28 01 80 1d 02
R8 =0x000000000000016a is an unknown value
R9 =0x0000000014d2546f is an unknown value
R10=0x0000000128eb9c48: OBJC_CLASS_$_HIDLibElement+0 in /System/Library/Extensions/IOHIDFamily.kext/Contents/PlugIns/IOHIDLib.plugin/Contents/MacOS/IOHIDLib at 0x0000000128ea3000
R11=0x0000000128ea69ca: <offset 0x39ca> in /System/Library/Extensions/IOHIDFamily.kext/Contents/PlugIns/IOHIDLib.plugin/Contents/MacOS/IOHIDLib at 0x0000000128ea3000
R12=0x00007fc149fcf780 points into unknown readable memory: dd 9d eb 28 01 80 3d 00
R13=0x00007fff6ad2d880: objc_msgSend+0 in /usr/lib/libobjc.A.dylib at 0x00007fff6ad27000
R14=0x00007fc149ecf010 points into unknown readable memory: 76 61 6c 75 65 4c 6f 63
R15=0x00007fc14c41bfc0 points into unknown readable memory: 4d 9c eb 28 01 80 1d 02


Registers:
RAX=0x00000000000017d8, RBX=0x000000012761a000, RCX=0x000000012761b7d8, RDX=0x021d800128eb9c4d
RSP=0x000070000b8695a0, RBP=0x000070000b8695f0, RSI=0x00007fc149ecf010, RDI=0x00007fc14c41bfc0
R8 =0x000000000000016a, R9 =0x0000000014d2546f, R10=0x0000000128eb9c48, R11=0x0000000128ea69ca
R12=0x00007fc149fcf780, R13=0x00007fff6ad2d880, R14=0x00007fc149ecf010, R15=0x00007fc14c41bfc0
RIP=0x0000000128eb02af, EFLAGS=0x0000000000010206, ERR=0x0000000000000004
  TRAPNO=0x000000000000000e

Top of Stack: (sp=0x000070000b8695a0)
0x000070000b8695a0:   000070000b869608 aaaaaaaaaaaaaaaa
0x000070000b8695b0:   000070000b869630 000000012761b7d8
0x000070000b8695c0:   00007fc14d254660 00007fc149fcf780
0x000070000b8695d0:   0000000000000000 000070000b8698e8
0x000070000b8695e0:   0000000000000000 000070000b869670
0x000070000b8695f0:   000070000b869660 0000000128eb14f1
0x000070000b869600:   0000000000000000 0000000000000000
0x000070000b869610:   00007fc149fcf780 0000000128eb9dd8
0x000070000b869620:   00007fc149fcf780 0000000128eb9dd8
0x000070000b869630:   aaaaaaaaaaaaaaaa 00007fc14b000b30
0x000070000b869640:   0000000000000000 000070000b8698e8
0x000070000b869650:   000070000b8696c0 00007fc14b000800
0x000070000b869660:   000070000b8696a0 0000000127616b33
0x000070000b869670:   000070000b869710 000000010ce3dcb3
0x000070000b869680:   000000078716e9b0 0000000000000001
0x000070000b869690:   0000000780070198 000070000b8696e0
0x000070000b8696a0:   000070000b8696f0 000000011495aa21
0x000070000b8696b0:   0000000000000000 000000078716dba8
0x000070000b8696c0:   0000000780497e28 000070000b8696c8
0x000070000b8696d0:   000000080076465e 000070000b869740
0x000070000b8696e0:   00000007804daa28 0000000123632348
0x000070000b8696f0:   000070000b869938 000000010d59caac
0x000070000b869700:   0000000000000000 000070000b869738
0x000070000b869710:   000070000b869790 000000010ce3dcb3
0x000070000b869720:   0000000000000000 0000000000000000
0x000070000b869730:   00000007803a4fc0 000000078716dba8
0x000070000b869740:   000000078716cfe0 000070000b869748
0x000070000b869750:   00000008007618a5 000070000b8697b8
0x000070000b869760:   00000008001ad460 0000000123632060
0x000070000b869770:   00000007bfe1aa40 00000008001ae8b0
0x000070000b869780:   0000000000000000 000070000b8697a8
0x000070000b869790:   000070000b869808 000000078015b170 

Instructions: (pc=0x0000000128eb02af)
0x0000000128eb01af:   5e 00 00 85 c0 0f 85 c8 02 00 00 48 8b 35 67 95
0x0000000128eb01bf:   00 00 4c 89 e7 ff 15 8e 5e 00 00 84 c0 0f 84 b8
0x0000000128eb01cf:   02 00 00 48 8b 3d df 95 00 00 e8 7e 26 00 00 48
0x0000000128eb01df:   8b 35 83 91 00 00 48 89 c7 48 89 da ff 15 67 5e
0x0000000128eb01ef:   00 00 49 89 c6 48 85 c0 0f 84 bc 02 00 00 48 8b
0x0000000128eb01ff:   1d 24 98 00 00 49 8b 3c 1c 48 8b 35 91 91 00 00
0x0000000128eb020f:   4c 89 f2 ff 15 40 5e 00 00 48 b9 ff ff ff ff ff
0x0000000128eb021f:   ff ff 7f 48 39 c8 0f 84 99 02 00 00 49 8b 3c 1c
0x0000000128eb022f:   48 8b 35 7a 91 00 00 48 8b 1d 1b 5e 00 00 48 89
0x0000000128eb023f:   c2 ff d3 48 89 c7 e8 72 26 00 00 49 89 c7 48 8b
0x0000000128eb024f:   35 24 91 00 00 48 89 c7 ff d3 3d 01 02 00 00 0f
0x0000000128eb025f:   84 32 02 00 00 4c 89 75 d0 4c 8b 35 c1 94 00 00
0x0000000128eb026f:   4c 89 ff 4c 89 f6 ff 15 dd 5d 00 00 89 c0 48 8b
0x0000000128eb027f:   0d fc 97 00 00 49 39 04 0c 0f 86 3b 02 00 00 48
0x0000000128eb028f:   8b 05 e3 97 00 00 49 89 dd 49 8b 1c 04 4c 89 ff
0x0000000128eb029f:   4c 89 f6 41 ff d5 89 c0 48 8d 0c 03 48 89 4d c8
0x0000000128eb02af:   48 8b 5c 03 08 4c 8b 35 05 91 00 00 4c 89 ff 4c
0x0000000128eb02bf:   89 f6 41 ff d5 48 85 c0 74 2c 48 8b 35 58 91 00
0x0000000128eb02cf:   00 4c 89 ff ff 15 7f 5d 00 00 48 39 d8 72 17 4c
0x0000000128eb02df:   89 ff 48 8b 35 90 90 00 00 ff 15 6a 5d 00 00 3d
0x0000000128eb02ef:   01 01 00 00 75 4c 48 8b 05 3c 5d 00 00 48 8b 18
0x0000000128eb02ff:   48 8b 35 d2 90 00 00 4c 89 ff ff 15 49 5d 00 00
0x0000000128eb030f:   48 89 df 48 89 c6 48 8b 55 c8 e8 cc 24 00 00 48
0x0000000128eb031f:   85 c0 74 1e 48 89 c3 48 8b 35 6b 90 00 00 4c 89
0x0000000128eb032f:   ff 48 89 c2 ff 15 1f 5d 00 00 48 89 df e8 59 23
0x0000000128eb033f:   00 00 4c 89 ff 4c 89 f6 ff 15 0b 5d 00 00 48 8b
0x0000000128eb034f:   4d c0 48 89 01 45 31 ed 8b 45 18 0f ba e0 12 0f
0x0000000128eb035f:   82 10 01 00 00 0f ba e0 11 72 1b 4c 89 ff 48 8b
0x0000000128eb036f:   35 04 90 00 00 ff 15 de 5c 00 00 3d 01 01 00 00
0x0000000128eb037f:   0f 85 ef 00 00 00 48 8b 35 44 90 00 00 4c 89 ff
0x0000000128eb038f:   ff 15 c3 5c 00 00 89 c0 48 8d 55 b8 48 89 02 48
0x0000000128eb039f:   8b 05 8b 96 00 00 41 8b 3c 04 be 0a 00 00 00 b9 


Stack slot to memory mapping:
stack at sp + 0 slots: 0x000070000b869608 is pointing into the stack for thread: 0x00007fc14b000800
stack at sp + 1 slots: 0xaaaaaaaaaaaaaaaa is an unknown value
stack at sp + 2 slots: 0x000070000b869630 is pointing into the stack for thread: 0x00007fc14b000800
stack at sp + 3 slots: 0x000000012761b7d8 is an unknown value
stack at sp + 4 slots: 0x00007fc14d254660 points into unknown readable memory: 4d 9c eb 28 01 80 1d 00
stack at sp + 5 slots: 0x00007fc149fcf780 points into unknown readable memory: dd 9d eb 28 01 80 3d 00
stack at sp + 6 slots: 0x0 is NULL
stack at sp + 7 slots: 0x000070000b8698e8 is pointing into the stack for thread: 0x00007fc14b000800


---------------  P R O C E S S  ---------------

Threads class SMR info:
_java_thread_list=0x00007fc14c402d10, length=15, elements={
0x00007fc14b000800, 0x00007fc14a018800, 0x00007fc14a805000, 0x00007fc14a828000,
0x00007fc14b86f800, 0x00007fc14b870000, 0x00007fc14b871000, 0x00007fc14b86d000,
0x00007fc14a00c000, 0x00007fc14a84e800, 0x00007fc14a0f3800, 0x00007fc14a89a800,
0x00007fc14b936000, 0x00007fc14a157800, 0x00007fc14a17a000
}

Java Threads: ( => current thread )
=>0x00007fc14b000800 JavaThread "main" [_thread_in_native, id=6147, stack(0x000070000b76a000,0x000070000b86a000)]
  0x00007fc14a018800 JavaThread "Reference Handler" daemon [_thread_blocked, id=13315, stack(0x000070000be7f000,0x000070000bf7f000)]
  0x00007fc14a805000 JavaThread "Finalizer" daemon [_thread_blocked, id=13827, stack(0x000070000bf82000,0x000070000c082000)]
  0x00007fc14a828000 JavaThread "Signal Dispatcher" daemon [_thread_blocked, id=16131, stack(0x000070000c18b000,0x000070000c28b000)]
  0x00007fc14b86f800 JavaThread "C2 CompilerThread0" daemon [_thread_blocked, id=21763, stack(0x000070000c28e000,0x000070000c38e000)]
  0x00007fc14b870000 JavaThread "C1 CompilerThread0" daemon [_thread_blocked, id=22275, stack(0x000070000c391000,0x000070000c491000)]
  0x00007fc14b871000 JavaThread "Sweeper thread" daemon [_thread_blocked, id=42755, stack(0x000070000c494000,0x000070000c594000)]
  0x00007fc14b86d000 JavaThread "Common-Cleaner" daemon [_thread_blocked, id=23043, stack(0x000070000c597000,0x000070000c697000)]
  0x00007fc14a00c000 JavaThread "Service Thread" daemon [_thread_blocked, id=23555, stack(0x000070000c69a000,0x000070000c79a000)]
  0x00007fc14a84e800 JavaThread "Java2D Disposer" daemon [_thread_blocked, id=24071, stack(0x000070000c8a0000,0x000070000c9a0000)]
  0x00007fc14a0f3800 JavaThread "AppKit Thread" daemon [_thread_in_native, id=775, stack(0x00007ffeec71c000,0x00007ffeecf1c000)]
  0x00007fc14a89a800 JavaThread "AWT-Shutdown" [_thread_blocked, id=32003, stack(0x000070000c9a3000,0x000070000caa3000)]
  0x00007fc14b936000 JavaThread "Java2D Queue Flusher" daemon [_thread_blocked, id=55047, stack(0x000070000cc2f000,0x000070000cd2f000)]
  0x00007fc14a157800 JavaThread "AWT-EventQueue-0" [_thread_blocked, id=59139, stack(0x000070000cd32000,0x000070000ce32000)]
  0x00007fc14a17a000 JavaThread "Thread-0" [_thread_in_native, id=70663, stack(0x000070000ce35000,0x000070000cf35000)]

Other Threads:
  0x00007fc14b00d800 VMThread "VM Thread" [stack: 0x000070000bd7c000,0x000070000be7c000] [id=18691]
  0x00007fc14a828800 WatcherThread [stack: 0x000070000c79d000,0x000070000c89d000] [id=41731]
  0x00007fc14b81b800 GCTaskThread "GC Thread#0" [stack: 0x000070000b86d000,0x000070000b96d000] [id=21251]
  0x00007fc14b3a6800 GCTaskThread "GC Thread#1" [stack: 0x000070000cf38000,0x000070000d038000] [id=1635]
  0x00007fc14b3a7800 GCTaskThread "GC Thread#2" [stack: 0x000070000d03b000,0x000070000d13b000] [id=63095]
  0x00007fc14a91f000 GCTaskThread "GC Thread#3" [stack: 0x000070000d13e000,0x000070000d23e000] [id=62727]
  0x00007fc14a807800 ConcurrentGCThread "G1 Main Marker" [stack: 0x000070000b970000,0x000070000ba70000] [id=20739]
  0x00007fc14a000800 ConcurrentGCThread "G1 Conc#0" [stack: 0x000070000ba73000,0x000070000bb73000] [id=12035]
  0x00007fc14b85c000 ConcurrentGCThread "G1 Refine#0" [stack: 0x000070000bb76000,0x000070000bc76000] [id=19715]
  0x00007fc14a808000 ConcurrentGCThread "G1 Young RemSet Sampling" [stack: 0x000070000bc79000,0x000070000bd79000] [id=19459]

Threads with active compile tasks:

VM state:not at safepoint (normal execution)

VM Mutex/Monitor currently owned by a thread: None

Heap address: 0x0000000780000000, size: 2048 MB, Compressed Oops mode: Zero based, Oop shift amount: 3
Narrow klass base: 0x0000000800000000, Narrow klass shift: 3
Compressed class space size: 1073741824 Address: 0x00000008010fe000

Heap:
 garbage-first heap   total 133120K, used 21458K [0x0000000780000000, 0x0000000800000000)
  region size 1024K, 16 young (16384K), 1 survivors (1024K)
 Metaspace       used 9330K, capacity 9702K, committed 9984K, reserved 1058816K
  class space    used 1040K, capacity 1198K, committed 1280K, reserved 1048576K
Heap Regions: E=young(eden), S=young(survivor), O=old, HS=humongous(starts), HC=humongous(continues), CS=collection set, F=free, A=archive, TAMS=top-at-mark-start (previous, next)
|   0|0x0000000780000000, 0x0000000780100000, 0x0000000780100000|100%| O|  |TAMS 0x0000000780000000, 0x0000000780000000| Untracked 
|   1|0x0000000780100000, 0x0000000780200000, 0x0000000780200000|100%| O|  |TAMS 0x0000000780100000, 0x0000000780100000| Untracked 
|   2|0x0000000780200000, 0x0000000780300000, 0x0000000780300000|100%| O|  |TAMS 0x0000000780200000, 0x0000000780200000| Untracked 
|   3|0x0000000780300000, 0x0000000780400000, 0x0000000780400000|100%| O|  |TAMS 0x0000000780300000, 0x0000000780300000| Untracked 
|   4|0x0000000780400000, 0x0000000780500000, 0x0000000780500000|100%| O|  |TAMS 0x0000000780400000, 0x0000000780400000| Untracked 
|   5|0x0000000780500000, 0x00000007805a9200, 0x0000000780600000| 66%| O|  |TAMS 0x0000000780500000, 0x0000000780500000| Untracked 
|   6|0x0000000780600000, 0x0000000780600000, 0x0000000780700000|  0%| F|  |TAMS 0x0000000780600000, 0x0000000780600000| Untracked 
|   7|0x0000000780700000, 0x0000000780700000, 0x0000000780800000|  0%| F|  |TAMS 0x0000000780700000, 0x0000000780700000| Untracked 
|   8|0x0000000780800000, 0x0000000780800000, 0x0000000780900000|  0%| F|  |TAMS 0x0000000780800000, 0x0000000780800000| Untracked 
|   9|0x0000000780900000, 0x0000000780900000, 0x0000000780a00000|  0%| F|  |TAMS 0x0000000780900000, 0x0000000780900000| Untracked 
|  10|0x0000000780a00000, 0x0000000780a00000, 0x0000000780b00000|  0%| F|  |TAMS 0x0000000780a00000, 0x0000000780a00000| Untracked 
|  11|0x0000000780b00000, 0x0000000780b00000, 0x0000000780c00000|  0%| F|  |TAMS 0x0000000780b00000, 0x0000000780b00000| Untracked 
|  12|0x0000000780c00000, 0x0000000780c00000, 0x0000000780d00000|  0%| F|  |TAMS 0x0000000780c00000, 0x0000000780c00000| Untracked 
|  13|0x0000000780d00000, 0x0000000780d00000, 0x0000000780e00000|  0%| F|  |TAMS 0x0000000780d00000, 0x0000000780d00000| Untracked 
|  14|0x0000000780e00000, 0x0000000780e00000, 0x0000000780f00000|  0%| F|  |TAMS 0x0000000780e00000, 0x0000000780e00000| Untracked 
|  15|0x0000000780f00000, 0x0000000780f00000, 0x0000000781000000|  0%| F|  |TAMS 0x0000000780f00000, 0x0000000780f00000| Untracked 
|  16|0x0000000781000000, 0x0000000781000000, 0x0000000781100000|  0%| F|  |TAMS 0x0000000781000000, 0x0000000781000000| Untracked 
|  17|0x0000000781100000, 0x0000000781100000, 0x0000000781200000|  0%| F|  |TAMS 0x0000000781100000, 0x0000000781100000| Untracked 
|  18|0x0000000781200000, 0x0000000781200000, 0x0000000781300000|  0%| F|  |TAMS 0x0000000781200000, 0x0000000781200000| Untracked 
|  19|0x0000000781300000, 0x0000000781300000, 0x0000000781400000|  0%| F|  |TAMS 0x0000000781300000, 0x0000000781300000| Untracked 
|  20|0x0000000781400000, 0x0000000781400000, 0x0000000781500000|  0%| F|  |TAMS 0x0000000781400000, 0x0000000781400000| Untracked 
|  21|0x0000000781500000, 0x0000000781500000, 0x0000000781600000|  0%| F|  |TAMS 0x0000000781500000, 0x0000000781500000| Untracked 
|  22|0x0000000781600000, 0x0000000781600000, 0x0000000781700000|  0%| F|  |TAMS 0x0000000781600000, 0x0000000781600000| Untracked 
|  23|0x0000000781700000, 0x0000000781700000, 0x0000000781800000|  0%| F|  |TAMS 0x0000000781700000, 0x0000000781700000| Untracked 
|  24|0x0000000781800000, 0x0000000781800000, 0x0000000781900000|  0%| F|  |TAMS 0x0000000781800000, 0x0000000781800000| Untracked 
|  25|0x0000000781900000, 0x0000000781900000, 0x0000000781a00000|  0%| F|  |TAMS 0x0000000781900000, 0x0000000781900000| Untracked 
|  26|0x0000000781a00000, 0x0000000781a00000, 0x0000000781b00000|  0%| F|  |TAMS 0x0000000781a00000, 0x0000000781a00000| Untracked 
|  27|0x0000000781b00000, 0x0000000781b00000, 0x0000000781c00000|  0%| F|  |TAMS 0x0000000781b00000, 0x0000000781b00000| Untracked 
|  28|0x0000000781c00000, 0x0000000781c00000, 0x0000000781d00000|  0%| F|  |TAMS 0x0000000781c00000, 0x0000000781c00000| Untracked 
|  29|0x0000000781d00000, 0x0000000781d00000, 0x0000000781e00000|  0%| F|  |TAMS 0x0000000781d00000, 0x0000000781d00000| Untracked 
|  30|0x0000000781e00000, 0x0000000781e00000, 0x0000000781f00000|  0%| F|  |TAMS 0x0000000781e00000, 0x0000000781e00000| Untracked 
|  31|0x0000000781f00000, 0x0000000781f00000, 0x0000000782000000|  0%| F|  |TAMS 0x0000000781f00000, 0x0000000781f00000| Untracked 
|  32|0x0000000782000000, 0x0000000782000000, 0x0000000782100000|  0%| F|  |TAMS 0x0000000782000000, 0x0000000782000000| Untracked 
|  33|0x0000000782100000, 0x0000000782100000, 0x0000000782200000|  0%| F|  |TAMS 0x0000000782100000, 0x0000000782100000| Untracked 
|  34|0x0000000782200000, 0x0000000782200000, 0x0000000782300000|  0%| F|  |TAMS 0x0000000782200000, 0x0000000782200000| Untracked 
|  35|0x0000000782300000, 0x0000000782300000, 0x0000000782400000|  0%| F|  |TAMS 0x0000000782300000, 0x0000000782300000| Untracked 
|  36|0x0000000782400000, 0x0000000782400000, 0x0000000782500000|  0%| F|  |TAMS 0x0000000782400000, 0x0000000782400000| Untracked 
|  37|0x0000000782500000, 0x0000000782500000, 0x0000000782600000|  0%| F|  |TAMS 0x0000000782500000, 0x0000000782500000| Untracked 
|  38|0x0000000782600000, 0x0000000782600000, 0x0000000782700000|  0%| F|  |TAMS 0x0000000782600000, 0x0000000782600000| Untracked 
|  39|0x0000000782700000, 0x0000000782700000, 0x0000000782800000|  0%| F|  |TAMS 0x0000000782700000, 0x0000000782700000| Untracked 
|  40|0x0000000782800000, 0x0000000782800000, 0x0000000782900000|  0%| F|  |TAMS 0x0000000782800000, 0x0000000782800000| Untracked 
|  41|0x0000000782900000, 0x0000000782900000, 0x0000000782a00000|  0%| F|  |TAMS 0x0000000782900000, 0x0000000782900000| Untracked 
|  42|0x0000000782a00000, 0x0000000782a00000, 0x0000000782b00000|  0%| F|  |TAMS 0x0000000782a00000, 0x0000000782a00000| Untracked 
|  43|0x0000000782b00000, 0x0000000782b00000, 0x0000000782c00000|  0%| F|  |TAMS 0x0000000782b00000, 0x0000000782b00000| Untracked 
|  44|0x0000000782c00000, 0x0000000782c00000, 0x0000000782d00000|  0%| F|  |TAMS 0x0000000782c00000, 0x0000000782c00000| Untracked 
|  45|0x0000000782d00000, 0x0000000782d00000, 0x0000000782e00000|  0%| F|  |TAMS 0x0000000782d00000, 0x0000000782d00000| Untracked 
|  46|0x0000000782e00000, 0x0000000782e00000, 0x0000000782f00000|  0%| F|  |TAMS 0x0000000782e00000, 0x0000000782e00000| Untracked 
|  47|0x0000000782f00000, 0x0000000782f00000, 0x0000000783000000|  0%| F|  |TAMS 0x0000000782f00000, 0x0000000782f00000| Untracked 
|  48|0x0000000783000000, 0x0000000783000000, 0x0000000783100000|  0%| F|  |TAMS 0x0000000783000000, 0x0000000783000000| Untracked 
|  49|0x0000000783100000, 0x0000000783100000, 0x0000000783200000|  0%| F|  |TAMS 0x0000000783100000, 0x0000000783100000| Untracked 
|  50|0x0000000783200000, 0x0000000783200000, 0x0000000783300000|  0%| F|  |TAMS 0x0000000783200000, 0x0000000783200000| Untracked 
|  51|0x0000000783300000, 0x0000000783300000, 0x0000000783400000|  0%| F|  |TAMS 0x0000000783300000, 0x0000000783300000| Untracked 
|  52|0x0000000783400000, 0x0000000783400000, 0x0000000783500000|  0%| F|  |TAMS 0x0000000783400000, 0x0000000783400000| Untracked 
|  53|0x0000000783500000, 0x0000000783500000, 0x0000000783600000|  0%| F|  |TAMS 0x0000000783500000, 0x0000000783500000| Untracked 
|  54|0x0000000783600000, 0x0000000783600000, 0x0000000783700000|  0%| F|  |TAMS 0x0000000783600000, 0x0000000783600000| Untracked 
|  55|0x0000000783700000, 0x0000000783700000, 0x0000000783800000|  0%| F|  |TAMS 0x0000000783700000, 0x0000000783700000| Untracked 
|  56|0x0000000783800000, 0x0000000783800000, 0x0000000783900000|  0%| F|  |TAMS 0x0000000783800000, 0x0000000783800000| Untracked 
|  57|0x0000000783900000, 0x0000000783900000, 0x0000000783a00000|  0%| F|  |TAMS 0x0000000783900000, 0x0000000783900000| Untracked 
|  58|0x0000000783a00000, 0x0000000783a00000, 0x0000000783b00000|  0%| F|  |TAMS 0x0000000783a00000, 0x0000000783a00000| Untracked 
|  59|0x0000000783b00000, 0x0000000783b00000, 0x0000000783c00000|  0%| F|  |TAMS 0x0000000783b00000, 0x0000000783b00000| Untracked 
|  60|0x0000000783c00000, 0x0000000783c00000, 0x0000000783d00000|  0%| F|  |TAMS 0x0000000783c00000, 0x0000000783c00000| Untracked 
|  61|0x0000000783d00000, 0x0000000783d00000, 0x0000000783e00000|  0%| F|  |TAMS 0x0000000783d00000, 0x0000000783d00000| Untracked 
|  62|0x0000000783e00000, 0x0000000783e00000, 0x0000000783f00000|  0%| F|  |TAMS 0x0000000783e00000, 0x0000000783e00000| Untracked 
|  63|0x0000000783f00000, 0x0000000783f00000, 0x0000000784000000|  0%| F|  |TAMS 0x0000000783f00000, 0x0000000783f00000| Untracked 
|  64|0x0000000784000000, 0x0000000784000000, 0x0000000784100000|  0%| F|  |TAMS 0x0000000784000000, 0x0000000784000000| Untracked 
|  65|0x0000000784100000, 0x0000000784100000, 0x0000000784200000|  0%| F|  |TAMS 0x0000000784100000, 0x0000000784100000| Untracked 
|  66|0x0000000784200000, 0x0000000784200000, 0x0000000784300000|  0%| F|  |TAMS 0x0000000784200000, 0x0000000784200000| Untracked 
|  67|0x0000000784300000, 0x0000000784300000, 0x0000000784400000|  0%| F|  |TAMS 0x0000000784300000, 0x0000000784300000| Untracked 
|  68|0x0000000784400000, 0x0000000784400000, 0x0000000784500000|  0%| F|  |TAMS 0x0000000784400000, 0x0000000784400000| Untracked 
|  69|0x0000000784500000, 0x0000000784500000, 0x0000000784600000|  0%| F|  |TAMS 0x0000000784500000, 0x0000000784500000| Untracked 
|  70|0x0000000784600000, 0x0000000784600000, 0x0000000784700000|  0%| F|  |TAMS 0x0000000784600000, 0x0000000784600000| Untracked 
|  71|0x0000000784700000, 0x0000000784700000, 0x0000000784800000|  0%| F|  |TAMS 0x0000000784700000, 0x0000000784700000| Untracked 
|  72|0x0000000784800000, 0x0000000784800000, 0x0000000784900000|  0%| F|  |TAMS 0x0000000784800000, 0x0000000784800000| Untracked 
|  73|0x0000000784900000, 0x0000000784900000, 0x0000000784a00000|  0%| F|  |TAMS 0x0000000784900000, 0x0000000784900000| Untracked 
|  74|0x0000000784a00000, 0x0000000784a00000, 0x0000000784b00000|  0%| F|  |TAMS 0x0000000784a00000, 0x0000000784a00000| Untracked 
|  75|0x0000000784b00000, 0x0000000784b00000, 0x0000000784c00000|  0%| F|  |TAMS 0x0000000784b00000, 0x0000000784b00000| Untracked 
|  76|0x0000000784c00000, 0x0000000784c00000, 0x0000000784d00000|  0%| F|  |TAMS 0x0000000784c00000, 0x0000000784c00000| Untracked 
|  77|0x0000000784d00000, 0x0000000784d00000, 0x0000000784e00000|  0%| F|  |TAMS 0x0000000784d00000, 0x0000000784d00000| Untracked 
|  78|0x0000000784e00000, 0x0000000784e00000, 0x0000000784f00000|  0%| F|  |TAMS 0x0000000784e00000, 0x0000000784e00000| Untracked 
|  79|0x0000000784f00000, 0x0000000784f00000, 0x0000000785000000|  0%| F|  |TAMS 0x0000000784f00000, 0x0000000784f00000| Untracked 
|  80|0x0000000785000000, 0x0000000785000000, 0x0000000785100000|  0%| F|  |TAMS 0x0000000785000000, 0x0000000785000000| Untracked 
|  81|0x0000000785100000, 0x0000000785100000, 0x0000000785200000|  0%| F|  |TAMS 0x0000000785100000, 0x0000000785100000| Untracked 
|  82|0x0000000785200000, 0x0000000785200000, 0x0000000785300000|  0%| F|  |TAMS 0x0000000785200000, 0x0000000785200000| Untracked 
|  83|0x0000000785300000, 0x0000000785300000, 0x0000000785400000|  0%| F|  |TAMS 0x0000000785300000, 0x0000000785300000| Untracked 
|  84|0x0000000785400000, 0x0000000785400000, 0x0000000785500000|  0%| F|  |TAMS 0x0000000785400000, 0x0000000785400000| Untracked 
|  85|0x0000000785500000, 0x0000000785500000, 0x0000000785600000|  0%| F|  |TAMS 0x0000000785500000, 0x0000000785500000| Untracked 
|  86|0x0000000785600000, 0x0000000785600000, 0x0000000785700000|  0%| F|  |TAMS 0x0000000785600000, 0x0000000785600000| Untracked 
|  87|0x0000000785700000, 0x0000000785700000, 0x0000000785800000|  0%| F|  |TAMS 0x0000000785700000, 0x0000000785700000| Untracked 
|  88|0x0000000785800000, 0x0000000785800000, 0x0000000785900000|  0%| F|  |TAMS 0x0000000785800000, 0x0000000785800000| Untracked 
|  89|0x0000000785900000, 0x0000000785900000, 0x0000000785a00000|  0%| F|  |TAMS 0x0000000785900000, 0x0000000785900000| Untracked 
|  90|0x0000000785a00000, 0x0000000785a00000, 0x0000000785b00000|  0%| F|  |TAMS 0x0000000785a00000, 0x0000000785a00000| Untracked 
|  91|0x0000000785b00000, 0x0000000785b00000, 0x0000000785c00000|  0%| F|  |TAMS 0x0000000785b00000, 0x0000000785b00000| Untracked 
|  92|0x0000000785c00000, 0x0000000785c00000, 0x0000000785d00000|  0%| F|  |TAMS 0x0000000785c00000, 0x0000000785c00000| Untracked 
|  93|0x0000000785d00000, 0x0000000785d00000, 0x0000000785e00000|  0%| F|  |TAMS 0x0000000785d00000, 0x0000000785d00000| Untracked 
|  94|0x0000000785e00000, 0x0000000785e00000, 0x0000000785f00000|  0%| F|  |TAMS 0x0000000785e00000, 0x0000000785e00000| Untracked 
|  95|0x0000000785f00000, 0x0000000785f00000, 0x0000000786000000|  0%| F|  |TAMS 0x0000000785f00000, 0x0000000785f00000| Untracked 
|  96|0x0000000786000000, 0x0000000786000000, 0x0000000786100000|  0%| F|  |TAMS 0x0000000786000000, 0x0000000786000000| Untracked 
|  97|0x0000000786100000, 0x0000000786100000, 0x0000000786200000|  0%| F|  |TAMS 0x0000000786100000, 0x0000000786100000| Untracked 
|  98|0x0000000786200000, 0x0000000786200000, 0x0000000786300000|  0%| F|  |TAMS 0x0000000786200000, 0x0000000786200000| Untracked 
|  99|0x0000000786300000, 0x0000000786300000, 0x0000000786400000|  0%| F|  |TAMS 0x0000000786300000, 0x0000000786300000| Untracked 
| 100|0x0000000786400000, 0x0000000786400000, 0x0000000786500000|  0%| F|  |TAMS 0x0000000786400000, 0x0000000786400000| Untracked 
| 101|0x0000000786500000, 0x0000000786500000, 0x0000000786600000|  0%| F|  |TAMS 0x0000000786500000, 0x0000000786500000| Untracked 
| 102|0x0000000786600000, 0x0000000786600000, 0x0000000786700000|  0%| F|  |TAMS 0x0000000786600000, 0x0000000786600000| Untracked 
| 103|0x0000000786700000, 0x0000000786700000, 0x0000000786800000|  0%| F|  |TAMS 0x0000000786700000, 0x0000000786700000| Untracked 
| 104|0x0000000786800000, 0x0000000786800000, 0x0000000786900000|  0%| F|  |TAMS 0x0000000786800000, 0x0000000786800000| Untracked 
| 105|0x0000000786900000, 0x0000000786900000, 0x0000000786a00000|  0%| F|  |TAMS 0x0000000786900000, 0x0000000786900000| Untracked 
| 106|0x0000000786a00000, 0x0000000786a00000, 0x0000000786b00000|  0%| F|  |TAMS 0x0000000786a00000, 0x0000000786a00000| Untracked 
| 107|0x0000000786b00000, 0x0000000786b00000, 0x0000000786c00000|  0%| F|  |TAMS 0x0000000786b00000, 0x0000000786b00000| Untracked 
| 108|0x0000000786c00000, 0x0000000786c00000, 0x0000000786d00000|  0%| F|  |TAMS 0x0000000786c00000, 0x0000000786c00000| Untracked 
| 109|0x0000000786d00000, 0x0000000786d00000, 0x0000000786e00000|  0%| F|  |TAMS 0x0000000786d00000, 0x0000000786d00000| Untracked 
| 110|0x0000000786e00000, 0x0000000786e00000, 0x0000000786f00000|  0%| F|  |TAMS 0x0000000786e00000, 0x0000000786e00000| Untracked 
| 111|0x0000000786f00000, 0x0000000786f00000, 0x0000000787000000|  0%| F|  |TAMS 0x0000000786f00000, 0x0000000786f00000| Untracked 
| 112|0x0000000787000000, 0x0000000787055758, 0x0000000787100000| 33%| E|  |TAMS 0x0000000787000000, 0x0000000787000000| Complete 
| 113|0x0000000787100000, 0x0000000787200000, 0x0000000787200000|100%| E|CS|TAMS 0x0000000787100000, 0x0000000787100000| Complete 
| 114|0x0000000787200000, 0x0000000787300000, 0x0000000787300000|100%| E|CS|TAMS 0x0000000787200000, 0x0000000787200000| Complete 
| 115|0x0000000787300000, 0x0000000787400000, 0x0000000787400000|100%| E|CS|TAMS 0x0000000787300000, 0x0000000787300000| Complete 
| 116|0x0000000787400000, 0x0000000787500000, 0x0000000787500000|100%| E|CS|TAMS 0x0000000787400000, 0x0000000787400000| Complete 
| 117|0x0000000787500000, 0x0000000787600000, 0x0000000787600000|100%| E|CS|TAMS 0x0000000787500000, 0x0000000787500000| Complete 
| 118|0x0000000787600000, 0x0000000787700000, 0x0000000787700000|100%| E|CS|TAMS 0x0000000787600000, 0x0000000787600000| Complete 
| 119|0x0000000787700000, 0x0000000787800000, 0x0000000787800000|100%| E|CS|TAMS 0x0000000787700000, 0x0000000787700000| Complete 
| 120|0x0000000787800000, 0x0000000787900000, 0x0000000787900000|100%| E|CS|TAMS 0x0000000787800000, 0x0000000787800000| Complete 
| 121|0x0000000787900000, 0x0000000787a00000, 0x0000000787a00000|100%| E|CS|TAMS 0x0000000787900000, 0x0000000787900000| Complete 
| 122|0x0000000787a00000, 0x0000000787b00000, 0x0000000787b00000|100%| E|CS|TAMS 0x0000000787a00000, 0x0000000787a00000| Complete 
| 123|0x0000000787b00000, 0x0000000787b93660, 0x0000000787c00000| 57%| S|CS|TAMS 0x0000000787b00000, 0x0000000787b00000| Complete 
| 124|0x0000000787c00000, 0x0000000787d00000, 0x0000000787d00000|100%| E|CS|TAMS 0x0000000787c00000, 0x0000000787c00000| Complete 
| 125|0x0000000787d00000, 0x0000000787e00000, 0x0000000787e00000|100%| E|CS|TAMS 0x0000000787d00000, 0x0000000787d00000| Complete 
| 126|0x0000000787e00000, 0x0000000787f00000, 0x0000000787f00000|100%| E|CS|TAMS 0x0000000787e00000, 0x0000000787e00000| Complete 
| 127|0x0000000787f00000, 0x0000000788000000, 0x0000000788000000|100%| E|CS|TAMS 0x0000000787f00000, 0x0000000787f00000| Complete 
|1022|0x00000007bfe00000, 0x00000007bfe48000, 0x00000007bff00000| 28%|OA|  |TAMS 0x00000007bfe00000, 0x00000007bfe00000| Untracked 
|1023|0x00000007bff00000, 0x00000007bff70000, 0x00000007c0000000| 43%|CA|  |TAMS 0x00000007bff00000, 0x00000007bff00000| Untracked 

Card table byte_map: [0x000000011c234000,0x000000011c634000] _byte_map_base: 0x0000000118634000

Marking Bits (Prev, Next): (CMBitMap*) 0x00007fc14a801618, (CMBitMap*) 0x00007fc14a801658
 Prev Bits: [0x000000011ca34000, 0x000000011ea34000)
 Next Bits: [0x000000011ea34000, 0x0000000120a34000)

Polling page: 0x0000000102d53000

Metaspace:

Usage:
  Non-class:      8.30 MB capacity,     8.10 MB ( 97%) used,   178.32 KB (  2%) free+waste,    35.94 KB ( <1%) overhead. 
      Class:      1.17 MB capacity,     1.02 MB ( 87%) used,   135.83 KB ( 11%) free+waste,    21.25 KB (  2%) overhead. 
       Both:      9.47 MB capacity,     9.11 MB ( 96%) used,   314.15 KB (  3%) free+waste,    57.19 KB ( <1%) overhead. 

Virtual space:
  Non-class space:       10.00 MB reserved,       8.50 MB ( 85%) committed 
      Class space:        1.00 GB reserved,       1.25 MB ( <1%) committed 
             Both:        1.01 GB reserved,       9.75 MB ( <1%) committed 

Chunk freelists:
   Non-Class:  4.00 KB
       Class:  0 bytes
        Both:  4.00 KB

CodeHeap 'non-profiled nmethods': size=120032Kb used=810Kb max_used=810Kb free=119221Kb
 bounds [0x00000001148fc000, 0x0000000114b6c000, 0x000000011be34000]
CodeHeap 'profiled nmethods': size=120032Kb used=2887Kb max_used=2887Kb free=117144Kb
 bounds [0x000000010d3c4000, 0x000000010d6a4000, 0x00000001148fc000]
CodeHeap 'non-nmethods': size=5696Kb used=1247Kb max_used=1272Kb free=4448Kb
 bounds [0x000000010ce34000, 0x000000010d0a4000, 0x000000010d3c4000]
 total_blobs=2603 nmethods=1579 adapters=548
 compilation: enabled
              stopped_count=0, restarted_count=0
 full_count=0

Compilation events (10 events):
Event: 81.147 Thread 0x00007fc14b870000 1574       3       java.lang.invoke.BoundMethodHandle::tooComplex (27 bytes)
Event: 81.147 Thread 0x00007fc14b870000 nmethod 1574 0x000000010d694890 code [0x000000010d694a80, 0x000000010d694f78]
Event: 81.147 Thread 0x00007fc14b870000 1575       3       java.lang.invoke.BoundMethodHandle::fieldCount (8 bytes)
Event: 81.147 Thread 0x00007fc14b870000 nmethod 1575 0x000000010d695110 code [0x000000010d6952e0, 0x000000010d695658]
Event: 81.147 Thread 0x00007fc14b870000 1576       3       java.lang.invoke.LambdaForm::expressionCount (11 bytes)
Event: 81.148 Thread 0x00007fc14b870000 nmethod 1576 0x000000010d695790 code [0x000000010d695940, 0x000000010d695ad0]
Event: 81.148 Thread 0x00007fc14b870000 1577       3       java.lang.Character::charCount (12 bytes)
Event: 81.148 Thread 0x00007fc14b870000 nmethod 1577 0x000000010d695b90 code [0x000000010d695d40, 0x000000010d695ed0]
Event: 81.149 Thread 0x00007fc14b870000 1579       1       java.util.Formatter$Flags::valueOf (5 bytes)
Event: 81.149 Thread 0x00007fc14b870000 nmethod 1579 0x00000001149c6810 code [0x00000001149c69c0, 0x00000001149c6af0]

GC Heap History (4 events):
Event: 2.987 GC heap before
{Heap before GC invocations=0 (full 0):
 garbage-first heap   total 133120K, used 15072K [0x0000000780000000, 0x0000000800000000)
  region size 1024K, 14 young (14336K), 0 survivors (0K)
 Metaspace       used 8457K, capacity 8795K, committed 9216K, reserved 1056768K
  class space    used 973K, capacity 1138K, committed 1280K, reserved 1048576K
}
Event: 3.003 GC heap after
{Heap after GC invocations=1 (full 0):
 garbage-first heap   total 133120K, used 6336K [0x0000000780000000, 0x0000000800000000)
  region size 1024K, 2 young (2048K), 2 survivors (2048K)
 Metaspace       used 8457K, capacity 8795K, committed 9216K, reserved 1056768K
  class space    used 973K, capacity 1138K, committed 1280K, reserved 1048576K
}
Event: 8.287 GC heap before
{Heap before GC invocations=1 (full 0):
 garbage-first heap   total 133120K, used 10432K [0x0000000780000000, 0x0000000800000000)
  region size 1024K, 6 young (6144K), 2 survivors (2048K)
 Metaspace       used 9084K, capacity 9489K, committed 9728K, reserved 1058816K
  class space    used 1014K, capacity 1191K, committed 1280K, reserved 1048576K
}
Event: 8.297 GC heap after
{Heap after GC invocations=2 (full 0):
 garbage-first heap   total 133120K, used 7122K [0x0000000780000000, 0x0000000800000000)
  region size 1024K, 1 young (1024K), 1 survivors (1024K)
 Metaspace       used 9084K, capacity 9489K, committed 9728K, reserved 1058816K
  class space    used 1014K, capacity 1191K, committed 1280K, reserved 1048576K
}

Deoptimization events (10 events):
Event: 16.310 Thread 0x00007fc14b000800 Uncommon trap: reason=class_check action=maybe_recompile pc=0x00000001149a3344 method=jdk.internal.misc.Unsafe.allocateUninitializedArray(Ljava/lang/Class;I)Ljava/lang/Object; @ 48 c2
Event: 16.310 Thread 0x00007fc14b000800 Uncommon trap: reason=class_check action=maybe_recompile pc=0x00000001149a3344 method=jdk.internal.misc.Unsafe.allocateUninitializedArray(Ljava/lang/Class;I)Ljava/lang/Object; @ 48 c2
Event: 16.310 Thread 0x00007fc14b000800 Uncommon trap: reason=class_check action=maybe_recompile pc=0x00000001149a3344 method=jdk.internal.misc.Unsafe.allocateUninitializedArray(Ljava/lang/Class;I)Ljava/lang/Object; @ 48 c2
Event: 16.310 Thread 0x00007fc14b000800 Uncommon trap: reason=class_check action=maybe_recompile pc=0x00000001149a3344 method=jdk.internal.misc.Unsafe.allocateUninitializedArray(Ljava/lang/Class;I)Ljava/lang/Object; @ 48 c2
Event: 24.436 Thread 0x00007fc14b000800 Uncommon trap: reason=intrinsic_or_type_checked_inlining action=make_not_entrant pc=0x00000001149a8e80 method=java.util.Arrays.copyOf([Ljava/lang/Object;ILjava/lang/Class;)[Ljava/lang/Object; @ 35 c2
Event: 54.597 Thread 0x00007fc14b000800 Uncommon trap: reason=class_check action=make_not_entrant pc=0x00000001149c2b08 method=java.util.ArrayList.toArray([Ljava/lang/Object;)[Ljava/lang/Object; @ 21 c2
Event: 81.105 Thread 0x00007fc14b000800 Uncommon trap: reason=unloaded action=reinterpret pc=0x000000011499874c method=net.java.games.input.AbstractComponent.getPollData()F @ 31 c2
Event: 81.115 Thread 0x00007fc14b000800 Uncommon trap: reason=unstable_if action=reinterpret pc=0x000000011495da64 method=java.util.concurrent.locks.ReentrantLock$Sync.nonfairTryAcquire(I)Z @ 34 c2
Event: 81.115 Thread 0x00007fc14b000800 Uncommon trap: reason=unstable_if action=reinterpret pc=0x00000001149469ec method=java.lang.StringLatin1.toLowerCase(Ljava/lang/String;[BLjava/util/Locale;)Ljava/lang/String; @ 21 c2
Event: 81.125 Thread 0x00007fc14b000800 Uncommon trap: reason=unstable_if action=reinterpret pc=0x00000001149a853c method=java.util.HashMap.clear()V @ 16 c2

Classes redefined (0 events):
No events

Internal exceptions (10 events):
Event: 0.966 Thread 0x00007fc14b000800 Exception <a 'java/lang/NoSuchMethodError'{0x0000000787bf15b0}: java.lang.invoke.DirectMethodHandle$Holder.invokeStatic(Ljava/lang/Object;JJ)V> (0x0000000787bf15b0) thrown at [/scratch/mesos/slaves/a1bab71e-a362-4507-81ed-9c72a04b09cc-S132/frameworks/1735
Event: 0.968 Thread 0x00007fc14b000800 Exception <a 'java/lang/NoSuchMethodError'{0x0000000787bfca28}: java.lang.invoke.Invokers$Holder.linkToTargetMethod(Ljava/lang/Object;ILjava/lang/Object;)Ljava/lang/Object;> (0x0000000787bfca28) thrown at [/scratch/mesos/slaves/a1bab71e-a362-4507-81ed-9c7
Event: 1.009 Thread 0x00007fc14a17a000 Exception <a 'java/lang/NoSuchMethodError'{0x0000000787a9f358}: java.lang.invoke.DirectMethodHandle$Holder.invokeSpecialIFC(Ljava/lang/Object;Ljava/lang/Object;I)I> (0x0000000787a9f358) thrown at [/scratch/mesos/slaves/a1bab71e-a362-4507-81ed-9c72a04b09cc
Event: 1.070 Thread 0x00007fc14b000800 Exception <a 'java/lang/NoSuchMethodError'{0x000000078792d620}: java.lang.invoke.DirectMethodHandle$Holder.invokeStaticInit(Ljava/lang/Object;Ljava/lang/Object;Ljava/lang/Object;)Ljava/lang/Object;> (0x000000078792d620) thrown at [/scratch/mesos/slaves/a1
Event: 3.323 Thread 0x00007fc14b000800 Exception <a 'java/lang/NoSuchMethodError'{0x0000000787f78828}: java.lang.invoke.DirectMethodHandle$Holder.invokeStatic(Ljava/lang/Object;Ljava/lang/Object;Ljava/lang/Object;Ljava/lang/Object;Ljava/lang/Object;Ljava/lang/Object;Ljava/lang/Object;Ljava/lan
Event: 7.630 Thread 0x00007fc14a17a000 Exception <a 'java/lang/ArrayIndexOutOfBoundsException'{0x0000000787cdee28}: Index 0 out of bounds for length 0> (0x0000000787cdee28) thrown at [/scratch/mesos/slaves/a1bab71e-a362-4507-81ed-9c72a04b09cc-S132/frameworks/1735e8a2-a1db-478c-8104-60c8b0af87d
Event: 8.297 Thread 0x00007fc14b000800 Implicit null exception at 0x000000011495f860 to 0x0000000114960eba
Event: 81.105 Thread 0x00007fc14b000800 Exception <a 'java/io/IOException'{0x000000078716ca38}> (0x000000078716ca38) thrown at [/scratch/mesos/slaves/a1bab71e-a362-4507-81ed-9c72a04b09cc-S132/frameworks/1735e8a2-a1db-478c-8104-60c8b0af87dd-0196/executors/f2acab4c-3d79-4ad0-b3ff-1b31891db300/run
Event: 81.125 Thread 0x00007fc14b000800 Implicit null exception at 0x00000001149a82e6 to 0x00000001149a8528
Event: 81.146 Thread 0x00007fc14b000800 Exception <a 'java/lang/ClassNotFoundException'{0x0000000787003da8}: sun/util/logging/resources/spi/loggingProvider> (0x0000000787003da8) thrown at [/scratch/mesos/slaves/a1bab71e-a362-4507-81ed-9c72a04b09cc-S132/frameworks/1735e8a2-a1db-478c-8104-60c8b0a

Events (10 events):
Event: 81.146 loading class sun/util/logging/resources/logging_en
Event: 81.146 loading class sun/util/logging/resources/logging_en done
Event: 81.147 loading class sun/util/logging/resources/logging_en
Event: 81.147 loading class sun/util/logging/resources/logging_en done
Event: 81.147 loading class sun/util/logging/resources/logging_en_CA
Event: 81.147 loading class sun/util/logging/resources/logging_en_CA done
Event: 81.147 loading class sun/util/logging/resources/logging_en_CA
Event: 81.147 loading class sun/util/logging/resources/logging_en_CA done
Event: 81.149 Executing VM operation: RevokeBias
Event: 81.149 Executing VM operation: RevokeBias done


Dynamic libraries:
0x00007fff6b3fc000 	/usr/lib/libz.1.dylib
0x0000000102cf1000 	/Library/Java/JavaVirtualMachines/jdk-12.0.2.jdk/Contents/Home/lib/libjli.dylib
0x00007fff33dfa000 	/System/Library/Frameworks/Cocoa.framework/Versions/A/Cocoa
0x00007fff413a1000 	/System/Library/Frameworks/Security.framework/Versions/A/Security
0x00007fff32da0000 	/System/Library/Frameworks/ApplicationServices.framework/Versions/A/ApplicationServices
0x00007fff68f04000 	/usr/lib/libSystem.B.dylib
0x00007fff6be73000 	/usr/lib/system/libcache.dylib
0x00007fff6be79000 	/usr/lib/system/libcommonCrypto.dylib
0x00007fff6be85000 	/usr/lib/system/libcompiler_rt.dylib
0x00007fff6be8d000 	/usr/lib/system/libcopyfile.dylib
0x00007fff6be97000 	/usr/lib/system/libcorecrypto.dylib
0x00007fff6c045000 	/usr/lib/system/libdispatch.dylib
0x00007fff6c087000 	/usr/lib/system/libdyld.dylib
0x00007fff6c0bd000 	/usr/lib/system/libkeymgr.dylib
0x00007fff6c0cb000 	/usr/lib/system/liblaunch.dylib
0x00007fff6c0cc000 	/usr/lib/system/libmacho.dylib
0x00007fff6c0d2000 	/usr/lib/system/libquarantine.dylib
0x00007fff6c0d5000 	/usr/lib/system/libremovefile.dylib
0x00007fff6c0d7000 	/usr/lib/system/libsystem_asl.dylib
0x00007fff6c0ef000 	/usr/lib/system/libsystem_blocks.dylib
0x00007fff6c0f0000 	/usr/lib/system/libsystem_c.dylib
0x00007fff6c178000 	/usr/lib/system/libsystem_configuration.dylib
0x00007fff6c17c000 	/usr/lib/system/libsystem_coreservices.dylib
0x00007fff6c180000 	/usr/lib/system/libsystem_darwin.dylib
0x00007fff6c188000 	/usr/lib/system/libsystem_dnssd.dylib
0x00007fff6c190000 	/usr/lib/system/libsystem_featureflags.dylib
0x00007fff6c192000 	/usr/lib/system/libsystem_info.dylib
0x00007fff6c20d000 	/usr/lib/system/libsystem_m.dylib
0x00007fff6c255000 	/usr/lib/system/libsystem_malloc.dylib
0x00007fff6c27d000 	/usr/lib/system/libsystem_networkextension.dylib
0x00007fff6c28b000 	/usr/lib/system/libsystem_notify.dylib
0x00007fff6c2aa000 	/usr/lib/system/libsystem_sandbox.dylib
0x00007fff6c2af000 	/usr/lib/system/libsystem_secinit.dylib
0x00007fff6c1e0000 	/usr/lib/system/libsystem_kernel.dylib
0x00007fff6c295000 	/usr/lib/system/libsystem_platform.dylib
0x00007fff6c29f000 	/usr/lib/system/libsystem_pthread.dylib
0x00007fff6c2b2000 	/usr/lib/system/libsystem_symptoms.dylib
0x00007fff6c2ba000 	/usr/lib/system/libsystem_trace.dylib
0x00007fff6c2d2000 	/usr/lib/system/libunwind.dylib
0x00007fff6c2d8000 	/usr/lib/system/libxpc.dylib
0x00007fff6ad27000 	/usr/lib/libobjc.A.dylib
0x00007fff69236000 	/usr/lib/libc++abi.dylib
0x00007fff691e2000 	/usr/lib/libc++.1.dylib
0x00007fff34d5f000 	/System/Library/Frameworks/CoreFoundation.framework/Versions/A/CoreFoundation
0x00007fff3741a000 	/System/Library/Frameworks/Foundation.framework/Versions/C/Foundation
0x00007fff31fa4000 	/System/Library/Frameworks/AppKit.framework/Versions/C/AppKit
0x00007fff34879000 	/System/Library/Frameworks/CoreData.framework/Versions/A/CoreData
0x00007fff657b5000 	/System/Library/PrivateFrameworks/UIFoundation.framework/Versions/A/UIFoundation
0x00007fff60055000 	/System/Library/PrivateFrameworks/RemoteViewServices.framework/Versions/A/RemoteViewServices
0x00007fff68235000 	/System/Library/PrivateFrameworks/XCTTargetBootstrap.framework/Versions/A/XCTTargetBootstrap
0x00007fff34c54000 	/System/Library/Frameworks/CoreDisplay.framework/Versions/A/CoreDisplay
0x00007fff3a152000 	/System/Library/Frameworks/Metal.framework/Versions/A/Metal
0x00007fff4e5c2000 	/System/Library/PrivateFrameworks/DesktopServicesPriv.framework/Versions/A/DesktopServicesPriv
0x00007fff6a01f000 	/usr/lib/liblangid.dylib
0x00007fff4d71e000 	/System/Library/PrivateFrameworks/CoreSVG.framework/Versions/A/CoreSVG
0x00007fff62d85000 	/System/Library/PrivateFrameworks/SkyLight.framework/Versions/A/SkyLight
0x00007fff351e0000 	/System/Library/Frameworks/CoreGraphics.framework/Versions/A/CoreGraphics
0x00007fff30b45000 	/System/Library/Frameworks/Accelerate.framework/Versions/A/Accelerate
0x00007fff6b2ed000 	/usr/lib/libxml2.2.dylib
0x00007fff5918d000 	/System/Library/PrivateFrameworks/IconServices.framework/Versions/A/IconServices
0x00007fff37bd8000 	/System/Library/Frameworks/IOSurface.framework/Versions/A/IOSurface
0x00007fff68a3d000 	/usr/lib/libDiagnosticMessagesClient.dylib
0x00007fff4e43c000 	/System/Library/PrivateFrameworks/DFRFoundation.framework/Versions/A/DFRFoundation
0x00007fff69dad000 	/usr/lib/libicucore.A.dylib
0x00007fff330d2000 	/System/Library/Frameworks/AudioToolbox.framework/Versions/A/AudioToolbox
0x00007fff331b4000 	/System/Library/Frameworks/AudioUnit.framework/Versions/A/AudioUnit
0x00007fff69106000 	/usr/lib/libauto.dylib
0x00007fff4e4bc000 	/System/Library/PrivateFrameworks/DataDetectorsCore.framework/Versions/A/DataDetectorsCore
0x00007fff3391b000 	/System/Library/Frameworks/Carbon.framework/Versions/A/Frameworks/HIToolbox.framework/Versions/A/HIToolbox
0x00007fff40599000 	/System/Library/Frameworks/QuartzCore.framework/Versions/A/QuartzCore
0x00007fff33c5a000 	/System/Library/Frameworks/Carbon.framework/Versions/A/Frameworks/SpeechRecognition.framework/Versions/A/SpeechRecognition
0x00007fff4ddbe000 	/System/Library/PrivateFrameworks/CoreUI.framework/Versions/A/CoreUI
0x00007fff342df000 	/System/Library/Frameworks/CoreAudio.framework/Versions/A/CoreAudio
0x00007fff370e7000 	/System/Library/Frameworks/DiskArbitration.framework/Versions/A/DiskArbitration
0x00007fff5b273000 	/System/Library/PrivateFrameworks/MultitouchSupport.framework/Versions/A/MultitouchSupport
0x00007fff69c78000 	/usr/lib/libenergytrace.dylib
0x00007fff37b33000 	/System/Library/Frameworks/IOKit.framework/Versions/A/IOKit
0x00007fff36146000 	/System/Library/Frameworks/CoreServices.framework/Versions/A/CoreServices
0x00007fff5d2c8000 	/System/Library/PrivateFrameworks/PerformanceAnalysis.framework/Versions/A/PerformanceAnalysis
0x00007fff3f5d1000 	/System/Library/Frameworks/OpenGL.framework/Versions/A/OpenGL
0x00007fff33e08000 	/System/Library/Frameworks/ColorSync.framework/Versions/A/ColorSync
0x00007fff35867000 	/System/Library/Frameworks/CoreImage.framework/Versions/A/CoreImage
0x00007fff36bba000 	/System/Library/Frameworks/CoreText.framework/Versions/A/CoreText
0x00007fff37c5b000 	/System/Library/Frameworks/ImageIO.framework/Versions/A/ImageIO
0x00007fff6925e000 	/usr/lib/libcompression.dylib
0x00007fff68d7e000 	/usr/lib/libMobileGestalt.dylib
0x00007fff648a8000 	/System/Library/PrivateFrameworks/TextureIO.framework/Versions/A/TextureIO
0x00007fff6906c000 	/usr/lib/libate.dylib
0x00007fff59393000 	/System/Library/PrivateFrameworks/InternationalSupport.framework/Versions/A/InternationalSupport
0x00007fff6a021000 	/usr/lib/liblzma.5.dylib
0x00007fff69ca0000 	/usr/lib/libfakelink.dylib
0x00007fff68ff9000 	/usr/lib/libarchive.2.dylib
0x00007fff425b5000 	/System/Library/Frameworks/SystemConfiguration.framework/Versions/A/SystemConfiguration
0x00007fff6896e000 	/usr/lib/libCRFSuite.dylib
0x00007fff3352a000 	/System/Library/Frameworks/CFNetwork.framework/Versions/A/CFNetwork
0x00007fff691c4000 	/usr/lib/libbsm.0.dylib
0x00007fff6c0be000 	/usr/lib/system/libkxld.dylib
0x00007fff47fbb000 	/System/Library/PrivateFrameworks/AppleFSCompression.framework/Versions/A/AppleFSCompression
0x00007fff69537000 	/usr/lib/libcoretls.dylib
0x00007fff6954e000 	/usr/lib/libcoretls_cfhelpers.dylib
0x00007fff6ad6b000 	/usr/lib/libpam.2.dylib
0x00007fff6ae9a000 	/usr/lib/libsqlite3.dylib
0x00007fff6b2da000 	/usr/lib/libxar.1.dylib
0x00007fff691d5000 	/usr/lib/libbz2.1.0.dylib
0x00007fff69cbc000 	/usr/lib/libiconv.2.dylib
0x00007fff6924b000 	/usr/lib/libcharset.1.dylib
0x00007fff6a817000 	/usr/lib/libnetwork.dylib
0x00007fff6ad72000 	/usr/lib/libpcap.A.dylib
0x00007fff68fae000 	/usr/lib/libapple_nghttp2.dylib
0x00007fff364fd000 	/System/Library/Frameworks/CoreServices.framework/Versions/A/Frameworks/FSEvents.framework/Versions/A/FSEvents
0x00007fff361cd000 	/System/Library/Frameworks/CoreServices.framework/Versions/A/Frameworks/CarbonCore.framework/Versions/A/CarbonCore
0x00007fff3673f000 	/System/Library/Frameworks/CoreServices.framework/Versions/A/Frameworks/Metadata.framework/Versions/A/Metadata
0x00007fff367d8000 	/System/Library/Frameworks/CoreServices.framework/Versions/A/Frameworks/OSServices.framework/Versions/A/OSServices
0x00007fff36806000 	/System/Library/Frameworks/CoreServices.framework/Versions/A/Frameworks/SearchKit.framework/Versions/A/SearchKit
0x00007fff36147000 	/System/Library/Frameworks/CoreServices.framework/Versions/A/Frameworks/AE.framework/Versions/A/AE
0x00007fff36506000 	/System/Library/Frameworks/CoreServices.framework/Versions/A/Frameworks/LaunchServices.framework/Versions/A/LaunchServices
0x00007fff364af000 	/System/Library/Frameworks/CoreServices.framework/Versions/A/Frameworks/DictionaryServices.framework/Versions/A/DictionaryServices
0x00007fff3686e000 	/System/Library/Frameworks/CoreServices.framework/Versions/A/Frameworks/SharedFileList.framework/Versions/A/SharedFileList
0x00007fff3b427000 	/System/Library/Frameworks/NetFS.framework/Versions/A/NetFS
0x00007fff5b713000 	/System/Library/PrivateFrameworks/NetAuth.framework/Versions/A/NetAuth
0x00007fff685fe000 	/System/Library/PrivateFrameworks/login.framework/Versions/A/Frameworks/loginsupport.framework/Versions/A/loginsupport
0x00007fff643ae000 	/System/Library/PrivateFrameworks/TCC.framework/Versions/A/TCC
0x00007fff4cafc000 	/System/Library/PrivateFrameworks/CoreNLP.framework/Versions/A/CoreNLP
0x00007fff5aca4000 	/System/Library/PrivateFrameworks/MetadataUtilities.framework/Versions/A/MetadataUtilities
0x00007fff6a0f9000 	/usr/lib/libmecabra.dylib
0x00007fff6a051000 	/usr/lib/libmecab.dylib
0x00007fff69cb1000 	/usr/lib/libgermantok.dylib
0x00007fff68f95000 	/usr/lib/libThaiTokenizer.dylib
0x00007fff689a6000 	/usr/lib/libChineseTokenizer.dylib
0x00007fff30b5d000 	/System/Library/Frameworks/Accelerate.framework/Versions/A/Frameworks/vImage.framework/Versions/A/vImage
0x00007fff31dff000 	/System/Library/Frameworks/Accelerate.framework/Versions/A/Frameworks/vecLib.framework/Versions/A/vecLib
0x00007fff31d43000 	/System/Library/Frameworks/Accelerate.framework/Versions/A/Frameworks/vecLib.framework/Versions/A/libvMisc.dylib
0x00007fff31b69000 	/System/Library/Frameworks/Accelerate.framework/Versions/A/Frameworks/vecLib.framework/Versions/A/libvDSP.dylib
0x00007fff311c9000 	/System/Library/Frameworks/Accelerate.framework/Versions/A/Frameworks/vecLib.framework/Versions/A/libBLAS.dylib
0x00007fff31723000 	/System/Library/Frameworks/Accelerate.framework/Versions/A/Frameworks/vecLib.framework/Versions/A/libLAPACK.dylib
0x00007fff31ac9000 	/System/Library/Frameworks/Accelerate.framework/Versions/A/Frameworks/vecLib.framework/Versions/A/libLinearAlgebra.dylib
0x00007fff31b56000 	/System/Library/Frameworks/Accelerate.framework/Versions/A/Frameworks/vecLib.framework/Versions/A/libSparseBLAS.dylib
0x00007fff31adf000 	/System/Library/Frameworks/Accelerate.framework/Versions/A/Frameworks/vecLib.framework/Versions/A/libQuadrature.dylib
0x00007fff31432000 	/System/Library/Frameworks/Accelerate.framework/Versions/A/Frameworks/vecLib.framework/Versions/A/libBNNS.dylib
0x00007fff31ae5000 	/System/Library/Frameworks/Accelerate.framework/Versions/A/Frameworks/vecLib.framework/Versions/A/libSparse.dylib
0x00007fff59752000 	/System/Library/PrivateFrameworks/LanguageModeling.framework/Versions/A/LanguageModeling
0x00007fff4c4a0000 	/System/Library/PrivateFrameworks/CoreEmoji.framework/Versions/A/CoreEmoji
0x00007fff5986f000 	/System/Library/PrivateFrameworks/LinguisticData.framework/Versions/A/LinguisticData
0x00007fff59820000 	/System/Library/PrivateFrameworks/Lexicon.framework/Versions/A/Lexicon
0x00007fff6924c000 	/usr/lib/libcmph.dylib
0x00007fff3dff7000 	/System/Library/Frameworks/OpenDirectory.framework/Versions/A/Frameworks/CFOpenDirectory.framework/Versions/A/CFOpenDirectory
0x00007fff3e014000 	/System/Library/Frameworks/OpenDirectory.framework/Versions/A/OpenDirectory
0x00007fff46373000 	/System/Library/PrivateFrameworks/APFS.framework/Versions/A/APFS
0x00007fff416e6000 	/System/Library/Frameworks/SecurityFoundation.framework/Versions/A/SecurityFoundation
0x00007fff6b2d6000 	/usr/lib/libutil.dylib
0x00007fff4d776000 	/System/Library/PrivateFrameworks/CoreServicesStore.framework/Versions/A/CoreServicesStore
0x00007fff417c7000 	/System/Library/Frameworks/ServiceManagement.framework/Versions/A/ServiceManagement
0x00007fff49756000 	/System/Library/PrivateFrameworks/BackgroundTaskManagement.framework/Versions/A/BackgroundTaskManagement
0x00007fff6b3d3000 	/usr/lib/libxslt.1.dylib
0x00007fff48619000 	/System/Library/PrivateFrameworks/AppleSystemInfo.framework/Versions/A/AppleSystemInfo
0x00007fff37e76000 	/System/Library/Frameworks/ImageIO.framework/Versions/A/Resources/libJPEG.dylib
0x00007fff38135000 	/System/Library/Frameworks/ImageIO.framework/Versions/A/Resources/libTIFF.dylib
0x00007fff38118000 	/System/Library/Frameworks/ImageIO.framework/Versions/A/Resources/libPng.dylib
0x00007fff37db7000 	/System/Library/Frameworks/ImageIO.framework/Versions/A/Resources/libGIF.dylib
0x00007fff37dbb000 	/System/Library/Frameworks/ImageIO.framework/Versions/A/Resources/libJP2.dylib
0x00007fff38133000 	/System/Library/Frameworks/ImageIO.framework/Versions/A/Resources/libRadiance.dylib
0x00007fff69c79000 	/usr/lib/libexpat.1.dylib
0x00007fff48116000 	/System/Library/PrivateFrameworks/AppleJPEG.framework/Versions/A/AppleJPEG
0x00007fff5098e000 	/System/Library/PrivateFrameworks/FontServices.framework/libFontParser.dylib
0x00007fff67659000 	/System/Library/PrivateFrameworks/WatchdogClient.framework/Versions/A/WatchdogClient
0x00007fff58de5000 	/System/Library/PrivateFrameworks/IOAccelerator.framework/Versions/A/IOAccelerator
0x00007fff3a4e0000 	/System/Library/Frameworks/MetalPerformanceShaders.framework/Versions/A/MetalPerformanceShaders
0x00007fff556db000 	/System/Library/PrivateFrameworks/GPUWrangler.framework/Versions/A/GPUWrangler
0x00007fff58df0000 	/System/Library/PrivateFrameworks/IOPresentment.framework/Versions/A/IOPresentment
0x00007fff4e44e000 	/System/Library/PrivateFrameworks/DSExternalDisplay.framework/Versions/A/DSExternalDisplay
0x00007fff3e97d000 	/System/Library/Frameworks/OpenGL.framework/Versions/A/Libraries/libCoreFSCache.dylib
0x00007fff3a231000 	/System/Library/Frameworks/MetalPerformanceShaders.framework/Frameworks/MPSCore.framework/Versions/A/MPSCore
0x00007fff3a26e000 	/System/Library/Frameworks/MetalPerformanceShaders.framework/Frameworks/MPSImage.framework/Versions/A/MPSImage
0x00007fff3a331000 	/System/Library/Frameworks/MetalPerformanceShaders.framework/Frameworks/MPSNeuralNetwork.framework/Versions/A/MPSNeuralNetwork
0x00007fff3a2f5000 	/System/Library/Frameworks/MetalPerformanceShaders.framework/Frameworks/MPSMatrix.framework/Versions/A/MPSMatrix
0x00007fff3a491000 	/System/Library/Frameworks/MetalPerformanceShaders.framework/Frameworks/MPSRayIntersector.framework/Versions/A/MPSRayIntersector
0x00007fff3a31b000 	/System/Library/Frameworks/MetalPerformanceShaders.framework/Frameworks/MPSNDArray.framework/Versions/A/MPSNDArray
0x00007fff5acf1000 	/System/Library/PrivateFrameworks/MetalTools.framework/Versions/A/MetalTools
0x00007fff47452000 	/System/Library/PrivateFrameworks/AggregateDictionary.framework/Versions/A/AggregateDictionary
0x00007fff4bf37000 	/System/Library/PrivateFrameworks/CoreAnalytics.framework/Versions/A/CoreAnalytics
0x00007fff48537000 	/System/Library/PrivateFrameworks/AppleSauce.framework/Versions/A/AppleSauce
0x00007fff68c61000 	/usr/lib/libIOReport.dylib
0x00007fff36d6f000 	/System/Library/Frameworks/CoreVideo.framework/Versions/A/CoreVideo
0x00007fff56ac8000 	/System/Library/PrivateFrameworks/GraphVisualizer.framework/Versions/A/GraphVisualizer
0x00007fff4ff10000 	/System/Library/PrivateFrameworks/FaceCore.framework/Versions/A/FaceCore
0x00007fff3df9e000 	/System/Library/Frameworks/OpenCL.framework/Versions/A/OpenCL
0x00007fff68a83000 	/usr/lib/libFosl_dynamic.dylib
0x00007fff5c109000 	/System/Library/PrivateFrameworks/OTSVG.framework/Versions/A/OTSVG
0x00007fff32ea5000 	/System/Library/Frameworks/ApplicationServices.framework/Versions/A/Frameworks/ATS.framework/Versions/A/Resources/libFontRegistry.dylib
0x00007fff50b5f000 	/System/Library/PrivateFrameworks/FontServices.framework/libhvf.dylib
0x00007fff3e988000 	/System/Library/Frameworks/OpenGL.framework/Versions/A/Libraries/libGFXShared.dylib
0x00007fff3eb65000 	/System/Library/Frameworks/OpenGL.framework/Versions/A/Libraries/libGLU.dylib
0x00007fff3e991000 	/System/Library/Frameworks/OpenGL.framework/Versions/A/Libraries/libGL.dylib
0x00007fff3e99c000 	/System/Library/Frameworks/OpenGL.framework/Versions/A/Libraries/libGLImage.dylib
0x00007fff3e97a000 	/System/Library/Frameworks/OpenGL.framework/Versions/A/Libraries/libCVMSPluginSupport.dylib
0x00007fff3e983000 	/System/Library/Frameworks/OpenGL.framework/Versions/A/Libraries/libCoreVMClient.dylib
0x00007fff6a6b9000 	/usr/lib/libncurses.5.4.dylib
0x00007fff32da1000 	/System/Library/Frameworks/ApplicationServices.framework/Versions/A/Frameworks/ATS.framework/Versions/A/ATS
0x00007fff32f6e000 	/System/Library/Frameworks/ApplicationServices.framework/Versions/A/Frameworks/ColorSyncLegacy.framework/Versions/A/ColorSyncLegacy
0x00007fff3300d000 	/System/Library/Frameworks/ApplicationServices.framework/Versions/A/Frameworks/HIServices.framework/Versions/A/HIServices
0x00007fff33064000 	/System/Library/Frameworks/ApplicationServices.framework/Versions/A/Frameworks/LangAnalysis.framework/Versions/A/LangAnalysis
0x00007fff33073000 	/System/Library/Frameworks/ApplicationServices.framework/Versions/A/Frameworks/PrintCore.framework/Versions/A/PrintCore
0x00007fff330b9000 	/System/Library/Frameworks/ApplicationServices.framework/Versions/A/Frameworks/QD.framework/Versions/A/QD
0x00007fff330c4000 	/System/Library/Frameworks/ApplicationServices.framework/Versions/A/Frameworks/SpeechSynthesis.framework/Versions/A/SpeechSynthesis
0x00007fff32f3e000 	/System/Library/Frameworks/ApplicationServices.framework/Versions/A/Frameworks/ATSUI.framework/Versions/A/ATSUI
0x00007fff69b0d000 	/usr/lib/libcups.2.dylib
0x00007fff39599000 	/System/Library/Frameworks/Kerberos.framework/Versions/A/Kerberos
0x00007fff3784e000 	/System/Library/Frameworks/GSS.framework/Versions/A/GSS
0x00007fff6ae27000 	/usr/lib/libresolv.9.dylib
0x00007fff56c69000 	/System/Library/PrivateFrameworks/Heimdal.framework/Versions/A/Heimdal
0x00007fff395ac000 	/System/Library/Frameworks/Kerberos.framework/Versions/A/Libraries/libHeimdalProxy.dylib
0x00007fff69cb7000 	/usr/lib/libheimdal-asn1.dylib
0x00007fff4b3fd000 	/System/Library/PrivateFrameworks/CommonAuth.framework/Versions/A/CommonAuth
0x00007fff486b6000 	/System/Library/PrivateFrameworks/AssertionServices.framework/Versions/A/AssertionServices
0x00007fff4924c000 	/System/Library/PrivateFrameworks/AudioToolboxCore.framework/Versions/A/AudioToolboxCore
0x00007fff682b1000 	/System/Library/PrivateFrameworks/caulk.framework/Versions/A/caulk
0x00007fff49802000 	/System/Library/PrivateFrameworks/BaseBoard.framework/Versions/A/BaseBoard
0x00007fff601e1000 	/System/Library/PrivateFrameworks/RunningBoardServices.framework/Versions/A/RunningBoardServices
0x00007fff5d2d4000 	/System/Library/PrivateFrameworks/PersistentConnection.framework/Versions/A/PersistentConnection
0x00007fff5fbee000 	/System/Library/PrivateFrameworks/ProtocolBuffer.framework/Versions/A/ProtocolBuffer
0x00007fff4b41a000 	/System/Library/PrivateFrameworks/CommonUtilities.framework/Versions/A/CommonUtilities
0x00007fff49981000 	/System/Library/PrivateFrameworks/Bom.framework/Versions/A/Bom
0x00007fff68932000 	/usr/lib/libAudioToolboxUtility.dylib
0x00007fff49760000 	/System/Library/PrivateFrameworks/Backup.framework/Versions/A/Backup
0x00007fff4e1bd000 	/System/Library/PrivateFrameworks/CrashReporterSupport.framework/Versions/A/CrashReporterSupport
0x00007fff61c6a000 	/System/Library/PrivateFrameworks/Sharing.framework/Versions/A/Sharing
0x00007fff47e63000 	/System/Library/PrivateFrameworks/Apple80211.framework/Versions/A/Apple80211
0x00007fff49488000 	/System/Library/PrivateFrameworks/AuthKit.framework/Versions/A/AuthKit
0x00007fff4deeb000 	/System/Library/PrivateFrameworks/CoreUtils.framework/Versions/A/CoreUtils
0x00007fff36db4000 	/System/Library/Frameworks/CoreWLAN.framework/Versions/A/CoreWLAN
0x00007fff379b7000 	/System/Library/Frameworks/IOBluetooth.framework/Versions/A/IOBluetooth
0x00007fff5afef000 	/System/Library/PrivateFrameworks/MobileKeyBag.framework/Versions/A/MobileKeyBag
0x00007fff4cfcc000 	/System/Library/PrivateFrameworks/CorePhoneNumbers.framework/Versions/A/CorePhoneNumbers
0x00007fff480c9000 	/System/Library/PrivateFrameworks/AppleIDAuthSupport.framework/Versions/A/AppleIDAuthSupport
0x00007fff3b434000 	/System/Library/Frameworks/Network.framework/Versions/A/Network
0x00007fff595db000 	/System/Library/PrivateFrameworks/KeychainCircle.framework/Versions/A/KeychainCircle
0x00007fff34841000 	/System/Library/Frameworks/CoreBluetooth.framework/Versions/A/CoreBluetooth
0x00007fff638c4000 	/System/Library/PrivateFrameworks/SpeechRecognitionCore.framework/Versions/A/SpeechRecognitionCore
0x0000000103600000 	/Library/Java/JavaVirtualMachines/jdk-12.0.2.jdk/Contents/Home/lib/server/libjvm.dylib
0x0000000102d0c000 	/Library/Java/JavaVirtualMachines/jdk-12.0.2.jdk/Contents/Home/lib/libverify.dylib
0x0000000102d18000 	/Library/Java/JavaVirtualMachines/jdk-12.0.2.jdk/Contents/Home/lib/libjava.dylib
0x0000000102d9d000 	/Library/Java/JavaVirtualMachines/jdk-12.0.2.jdk/Contents/Home/lib/libzip.dylib
0x0000000102da5000 	/Library/Java/JavaVirtualMachines/jdk-12.0.2.jdk/Contents/Home/lib/libjimage.dylib
0x00000001253a3000 	/Library/Java/JavaVirtualMachines/jdk-12.0.2.jdk/Contents/Home/lib/libnio.dylib
0x00000001253b1000 	/Library/Java/JavaVirtualMachines/jdk-12.0.2.jdk/Contents/Home/lib/libnet.dylib
0x0000000125501000 	/Library/Java/JavaVirtualMachines/jdk-12.0.2.jdk/Contents/Home/lib/libawt.dylib
0x0000000125596000 	/Library/Java/JavaVirtualMachines/jdk-12.0.2.jdk/Contents/Home/lib/libmlib_image.dylib
0x00007fff39582000 	/System/Library/Frameworks/JavaVM.framework/Versions/A/Frameworks/JavaNativeFoundation.framework/Versions/A/JavaNativeFoundation
0x00007fff3958b000 	/System/Library/Frameworks/JavaVM.framework/Versions/A/Frameworks/JavaRuntimeSupport.framework/Versions/A/JavaRuntimeSupport
0x00007fff39594000 	/System/Library/Frameworks/JavaVM.framework/Versions/A/JavaVM
0x00007fff5943d000 	/System/Library/PrivateFrameworks/JavaLaunching.framework/Versions/A/JavaLaunching
0x00007fff33916000 	/System/Library/Frameworks/Carbon.framework/Versions/A/Carbon
0x00007fff4dc9f000 	/System/Library/PrivateFrameworks/CoreSymbolication.framework/Versions/A/CoreSymbolication
0x00007fff33917000 	/System/Library/Frameworks/Carbon.framework/Versions/A/Frameworks/CommonPanels.framework/Versions/A/CommonPanels
0x00007fff33c10000 	/System/Library/Frameworks/Carbon.framework/Versions/A/Frameworks/Help.framework/Versions/A/Help
0x00007fff33c14000 	/System/Library/Frameworks/Carbon.framework/Versions/A/Frameworks/ImageCapture.framework/Versions/A/ImageCapture
0x00007fff33c1b000 	/System/Library/Frameworks/Carbon.framework/Versions/A/Frameworks/OpenScripting.framework/Versions/A/OpenScripting
0x00007fff33c1a000 	/System/Library/Frameworks/Carbon.framework/Versions/A/Frameworks/Ink.framework/Versions/A/Ink
0x00007fff33c56000 	/System/Library/Frameworks/Carbon.framework/Versions/A/Frameworks/Print.framework/Versions/A/Print
0x00007fff33c57000 	/System/Library/Frameworks/Carbon.framework/Versions/A/Frameworks/SecurityHI.framework/Versions/A/SecurityHI
0x00007fff4e583000 	/System/Library/PrivateFrameworks/DebugSymbols.framework/Versions/A/DebugSymbols
0x00000001255fb000 	/Library/Java/JavaVirtualMachines/jdk-12.0.2.jdk/Contents/Home/lib/libawt_lwawt.dylib
0x00000001256a5000 	/Library/Java/JavaVirtualMachines/jdk-12.0.2.jdk/Contents/Home/lib/libosxapp.dylib
0x00007fff372c1000 	/System/Library/Frameworks/ExceptionHandling.framework/Versions/A/ExceptionHandling
0x00000001256c7000 	/Library/Java/JavaVirtualMachines/jdk-12.0.2.jdk/Contents/Home/lib/libfontmanager.dylib
0x00000001257c6000 	/Library/Java/JavaVirtualMachines/jdk-12.0.2.jdk/Contents/Home/lib/libfreetype.dylib
0x00007fff4d742000 	/System/Library/PrivateFrameworks/CoreServicesInternal.framework/Versions/A/CoreServicesInternal
0x00007fff372e0000 	/System/Library/Frameworks/FileProvider.framework/Versions/A/FileProvider
0x00007fff31e00000 	/System/Library/Frameworks/Accounts.framework/Versions/A/Accounts
0x00007fff559fb000 	/System/Library/PrivateFrameworks/GenerationalStorage.framework/Versions/A/GenerationalStorage
0x00007fff640f1000 	/System/Library/PrivateFrameworks/SymptomDiagnosticReporter.framework/Versions/A/SymptomDiagnosticReporter
0x00007fff47960000 	/System/Library/PrivateFrameworks/AppContainer.framework/Versions/A/AppContainer
0x00007fff6ae41000 	/usr/lib/libsandbox.1.dylib
0x00007fff665fd000 	/System/Library/PrivateFrameworks/UserManagement.framework/Versions/A/UserManagement
0x00007fff4a528000 	/System/Library/PrivateFrameworks/ChunkingLibrary.framework/Versions/A/ChunkingLibrary
0x00007fff479d1000 	/System/Library/PrivateFrameworks/AppSandbox.framework/Versions/A/AppSandbox
0x00007fff61b1f000 	/System/Library/PrivateFrameworks/SecCodeWrapper.framework/Versions/A/SecCodeWrapper
0x00007fff68d47000 	/usr/lib/libMatch.1.dylib
0x00007fff28335000 	/System/Library/CoreServices/RawCamera.bundle/Contents/MacOS/RawCamera
0x00007fff5ae19000 	/System/Library/PrivateFrameworks/MobileAsset.framework/Versions/A/MobileAsset
0x00007fff63f9f000 	/System/Library/PrivateFrameworks/StreamingZip.framework/Versions/A/StreamingZip
0x00007fff39a10000 	/System/Library/Frameworks/MediaToolbox.framework/Versions/A/MediaToolbox
0x00007fff4bee7000 	/System/Library/PrivateFrameworks/CoreAVCHD.framework/Versions/A/CoreAVCHD
0x00007fff3993d000 	/System/Library/Frameworks/MediaAccessibility.framework/Versions/A/MediaAccessibility
0x00007fff5a20d000 	/System/Library/PrivateFrameworks/Mangrove.framework/Versions/A/Mangrove
0x00007fff35f82000 	/System/Library/Frameworks/CoreMedia.framework/Versions/A/CoreMedia
0x00007fff5a468000 	/System/Library/PrivateFrameworks/MediaExperience.framework/Versions/A/MediaExperience
0x00007fff4289b000 	/System/Library/Frameworks/VideoToolbox.framework/Versions/A/VideoToolbox
0x00007fff4bb11000 	/System/Library/PrivateFrameworks/CoreAUC.framework/Versions/A/CoreAUC
0x00007fff6ae98000 	/usr/lib/libspindump.dylib
0x00007fff48bf7000 	/System/Library/PrivateFrameworks/AudioResourceArbitration.framework/Versions/A/AudioResourceArbitration
0x00007fff4861d000 	/System/Library/PrivateFrameworks/AppleVA.framework/Versions/A/AppleVA
0x00007fff30b46000 	/System/Library/Frameworks/Accelerate.framework/Versions/A/Frameworks/vImage.framework/Versions/A/Libraries/libCGInterfaces.dylib
0x0000000126daf000 	/usr/lib/libobjc-trampolines.dylib
0x00007fff50ac6000 	/System/Library/PrivateFrameworks/FontServices.framework/libTrueTypeScaler.dylib
0x00007fff2bf7f000 	/System/Library/Extensions/AppleIntelBDWGraphicsMTLDriver.bundle/Contents/MacOS/AppleIntelBDWGraphicsMTLDriver
0x00007fff54033000 	/System/Library/PrivateFrameworks/GPUCompiler.framework/Versions/3902/Libraries/libmetal_timestamp.dylib
0x00007fff673cb000 	/System/Library/PrivateFrameworks/ViewBridge.framework/Versions/A/ViewBridge
0x00007fff3f5e1000 	/System/Library/Frameworks/OpenGL.framework/Versions/A/Resources/GLEngine.bundle/GLEngine
0x00007fff3e9d2000 	/System/Library/Frameworks/OpenGL.framework/Versions/A/Libraries/libGLProgrammability.dylib
0x00007fff2ba7a000 	/System/Library/Extensions/AppleIntelBDWGraphicsGLDriver.bundle/Contents/MacOS/AppleIntelBDWGraphicsGLDriver
0x00007fff556cf000 	/System/Library/PrivateFrameworks/GPUSupport.framework/Versions/A/Libraries/libGPUSupportMercury.dylib
0x00007fff3f75b000 	/System/Library/Frameworks/OpenGL.framework/Versions/A/Resources/GLRendererFloat.bundle/GLRendererFloat
0x00007fff3df95000 	/System/Library/Frameworks/OpenCL.framework/Versions/A/Libraries/libcldcpuengine.dylib
0x00007fff696f2000 	/usr/lib/libcrypto.35.dylib
0x00007fff64add000 	/System/Library/PrivateFrameworks/TrustEvaluationAgent.framework/Versions/A/TrustEvaluationAgent
0x00007fff68601000 	/System/Library/PrivateFrameworks/login.framework/Versions/A/login
0x0000000128504000 	/Library/Java/JavaVirtualMachines/jdk-12.0.2.jdk/Contents/Home/lib/libosxui.dylib
0x0000000127615000 	/Users/manxboy/Documents/GitHub/final-project-manxboy/Paintball/lib/natives/libjinput-osx.jnilib
0x0000000128ea3000 	/System/Library/Extensions/IOHIDFamily.kext/Contents/PlugIns/IOHIDLib.plugin/Contents/MacOS/IOHIDLib
0x00007fff56b49000 	/System/Library/PrivateFrameworks/HIDAnalytics.framework/Versions/A/HIDAnalytics


VM Arguments:
jvm_args: -Dfile.encoding=UTF-8 -Djava.library.path=lib/natives/ --module-path=/Users/manxboy/Documents/GitHub/final-project-manxboy/Paintball/build/classes 
java_command: io.manxboy.paintball.Game
java_class_path (initial): /Users/manxboy/Documents/GitHub/final-project-manxboy/Paintball/lib/jinput-2.0.9.jar:/Users/manxboy/Documents/GitHub/final-project-manxboy/Paintball/lib/jinput-2.0.9-natives-all.jar:/Users/manxboy/Documents/GitHub/final-project-manxboy/Paintball/build/classes
Launcher Type: SUN_STANDARD

[Global flags]
     intx CICompilerCount                          = 3                                         {product} {ergonomic}
     uint ConcGCThreads                            = 1                                         {product} {ergonomic}
     uint G1ConcRefinementThreads                  = 4                                         {product} {ergonomic}
   size_t G1HeapRegionSize                         = 1048576                                   {product} {ergonomic}
    uintx GCDrainStackTargetSize                   = 64                                        {product} {ergonomic}
   size_t InitialHeapSize                          = 134217728                                 {product} {ergonomic}
   size_t MarkStackSize                            = 4194304                                   {product} {ergonomic}
   size_t MaxHeapSize                              = 2147483648                                {product} {ergonomic}
   size_t MaxNewSize                               = 1287651328                                {product} {ergonomic}
   size_t MinHeapDeltaBytes                        = 1048576                                   {product} {ergonomic}
    uintx NonNMethodCodeHeapSize                   = 5830732                                {pd product} {ergonomic}
    uintx NonProfiledCodeHeapSize                  = 122913754                              {pd product} {ergonomic}
    uintx ProfiledCodeHeapSize                     = 122913754                              {pd product} {ergonomic}
    uintx ReservedCodeCacheSize                    = 251658240                              {pd product} {ergonomic}
     bool SegmentedCodeCache                       = true                                      {product} {ergonomic}
     bool UseCompressedClassPointers               = true                                 {lp64_product} {ergonomic}
     bool UseCompressedOops                        = true                                 {lp64_product} {ergonomic}
     bool UseG1GC                                  = true                                      {product} {ergonomic}

Logging:
Log output configuration:
 #0: stdout all=warning uptime,level,tags
 #1: stderr all=off uptime,level,tags

Environment Variables:
PATH=/usr/bin:/bin:/usr/sbin:/sbin
SHELL=/bin/zsh
DISPLAY=/private/tmp/com.apple.launchd.gKj4kUtcsP/org.macosforge.xquartz:0

Signal Handlers:
SIGSEGV: [libjvm.dylib+0x735568], sa_mask[0]=11111111011111110111111111111111, sa_flags=SA_ONSTACK|SA_RESTART|SA_SIGINFO
SIGBUS: [libjvm.dylib+0x735568], sa_mask[0]=11111111011111110111111111111111, sa_flags=SA_RESTART|SA_SIGINFO
SIGFPE: [libjvm.dylib+0x735568], sa_mask[0]=11111111011111110111111111111111, sa_flags=SA_RESTART|SA_SIGINFO
SIGPIPE: [libjvm.dylib+0x5dcfee], sa_mask[0]=11111111011111110111111111111111, sa_flags=SA_RESTART|SA_SIGINFO
SIGXFSZ: [libjvm.dylib+0x5dcfee], sa_mask[0]=11111111011111110111111111111111, sa_flags=SA_RESTART|SA_SIGINFO
SIGILL: [libjvm.dylib+0x735568], sa_mask[0]=11111111011111110111111111111111, sa_flags=SA_RESTART|SA_SIGINFO
SIGUSR2: [libjvm.dylib+0x5dd5d3], sa_mask[0]=00100000000000000000000000000000, sa_flags=SA_RESTART|SA_SIGINFO
SIGHUP: [libjvm.dylib+0x5dc293], sa_mask[0]=11111111011111110111111111111111, sa_flags=SA_RESTART|SA_SIGINFO
SIGINT: SIG_IGN, sa_mask[0]=00000000000000000000000000000000, sa_flags=none
SIGTERM: [libjvm.dylib+0x5dc293], sa_mask[0]=11111111011111110111111111111111, sa_flags=SA_RESTART|SA_SIGINFO
SIGQUIT: [libjvm.dylib+0x5dc293], sa_mask[0]=11111111011111110111111111111111, sa_flags=SA_RESTART|SA_SIGINFO


---------------  S Y S T E M  ---------------

OS:uname:Darwin 19.0.0 Darwin Kernel Version 19.0.0: Wed Sep 25 20:18:50 PDT 2019; root:xnu-6153.11.26~2/RELEASE_X86_64 x86_64
rlimit: STACK 8192k, CORE 0k, NPROC 1392, NOFILE 10240, AS infinity, DATA infinity, FSIZE infinity
load average:1.92 1.94 1.90

CPU:total 4 (initial active 4) (2 cores per cpu, 2 threads per core) family 6 model 61 stepping 4, cmov, cx8, fxsr, mmx, sse, sse2, sse3, ssse3, sse4.1, sse4.2, popcnt, avx, avx2, aes, clmul, erms, 3dnowpref, lzcnt, ht, tsc, tscinvbit, bmi1, bmi2, adx, fma

Memory: 4k page, physical 8388608k(18200k free)

vm_info: OpenJDK 64-Bit Server VM (12.0.2+10) for bsd-amd64 JRE (12.0.2+10), built on Jul 16 2019 01:04:04 by "mach5one" with gcc 4.2.1 Compatible Apple LLVM 9.1.0 (clang-902.0.39.2)

END.
